[1/29/2023, 9:58:56 PM] /opt/heroic/resources/app.asar.unpacked/build/bin/linux/legendary --version
legendary version "0.20.31", codename "Dark Energy (hotfix #5)"
[1/29/2023, 9:59:17 PM] /opt/heroic/resources/app.asar.unpacked/build/bin/linux/legendary auth --code <redacted>
[cli] INFO: Testing existing login data if present...
[cli] INFO: Successfully logged in as "Goldrn_"

Legendary update available!
- New version: 0.20.32 - "Dark Energy (hotfix #6)"
- Release summary:
 [!] Fixes installing games that specify invalid install directories (e.g. Kerbal Space Program)
 [*] More gracefully handles account errors
See full changelog for additional details.
- Release URL: https://legendary.gl/release/0.20.32

- Download URL: https://legendary.gl/release/download/0.20.32/legendary
[1/29/2023, 9:59:19 PM] /opt/heroic/resources/app.asar.unpacked/build/bin/linux/legendary list --third-party
[cli] INFO: Logging in...
[Core] INFO: Trying to re-use existing login session...
[cli] INFO: Getting game list... (this may take a while)
[Core] INFO: Fetching metadata for 18 app(s).

Available games:
 * 20XX (App name: Quail | Version: 1.42.13rc1)
 * 3 out of 10, EP 1: "Welcome To Shovelworks" (App name: Flounder | Version: R01_S01_E05_V007_CL16693)
 * >observer_ (App name: Tumeric | Version: 1.0.0d)
 * A Plague Tale: Innocence (App name: e0fa47ae79514345823bff209ae29451 | Version: EGS_1.08.4)
 * A Short Hike (App name: d6407c9e6fd54cb492b8c6635480d792 | Version: 1.9_v3_Windows)
 * Absolute Drift (App name: 19927295d6e3467887d4e830d8c85963 | Version: Win_202205111132)
 * ABZU (App name: Curry | Version: 1.0)
 * AER Memories of Old (App name: 26b63c46de9e4dcc856b3c6b106b6777 | Version: 1.0.4.1)
 * Alan Wake's American Nightmare (App name: Condor | Version: 01.03)
 * Alien: Isolation (App name: 8935bb3e1420443a9789fe01758039a5 | Version: 1.0RC5.284847.51533)
  + Alien: Isolation - Last Survivor (App name: 6b61b3692dae45be889bf38cb1f9ed84 | Version: 1.0RC5.284847.51533)
 * Amnesia:  The Dark Descent (App name: ece4c58603d04bcb97454be9a7492fa6 | Version: 1.5)
 * Amnesia: A Machine for Pigs (App name: d7db33dfe7634d6b8a188c708f2caa3c | Version: 1.2)
 * Among the Sleep - Enhanced Edition (App name: aa78f7be2ee64193b6b6444c5fc50157 | Version: Windows.3.1.0.41_Win64_DLL_Fix)
 * Among Us (App name: 963137e4c29d4c79a81323b8fab03a40 | Version: 2640)
 * Anodyne 2: Return to Dust (App name: Tanzanite | Version: Win_1.32)
 * Ape Out (App name: Coley | Version: 1.0.0)
 * ARK: Survival Evolved (App name: aafc587fbf654758802c8e41e4fb3255 | Version: 356.1.win)
 * Assassins Creed Syndicate (App name: Albacore | Version: 1.54)
  - This game can be activated directly on your Ubisoft account and does not require legendary to install/run. Use "legendary activate --uplay" and follow the instructions.
 * Automachef (App name: 069a60f6b0514a5fbe81b38957c1ddfd | Version: 15)
 * Axiom Verge (App name: Puffin | Version: 1.53)
 * Axiom Verge Randomizer Beta (App name: 3017c57256b640519e6b84b44a4ac940 | Version: 1.58)
 * Aztez (App name: Grunt | Version: 1.2-aeeb6200374fc01a6a51c3006846a350febeb243.21-Win)
 * Bad North Jotunn Edition (App name: Chives | Version: 2.00.5)
 * Barony (App name: c98c4cd6d83a4524b4b22f13af95a104 | Version: v3.3.7-010920)
 * Barony (Beta) (App name: 24349b736ad74d9db72e6cab21933877 | Version: v3.8.6-qodbeta-241222-3)
 * Batman™ Arkham Asylum Game of the Year Edition (App name: Godwit | Version: 1.93)
 * Batman™ Arkham City - Game of the Year Edition (App name: Egret | Version: 1.7)
 * Batman™ Arkham Knight (App name: Cowbird | Version: 1.98)
 * Battle Breakers (App name: WorldExplorersLive | Version: 1.88.244-r17036752-Windows)
 * Blair Witch (App name: 247a0f0f5803429eb3be2c06f3ea77ff | Version: BLAIR_WIN_SRC_20191209_1642)
 * Borderlands 2 (App name: Dodo | Version: 2.0.2_BN347_CL2863302)
 * Borderlands: The Pre-Sequel (App name: Turkey | Version: 2.0.2_BN160_CL2863302)
 * Bridge Constructor: The Walking Dead (App name: 998af0ab527c493baefb8049250c9a0e | Version: 1.0r31Win)
 * Carcassonne (App name: Thrush | Version: 1.10.2967-win)
 * Cave Story+ (App name: 1dea8a6ddb544842a58e4b5c8675ff58 | Version: 1.1)
 * Celeste (App name: Salt | Version: 1.4.0.0-Windows)
 * Cities Skylines (App name: bcbc03d8812a44c18f41cf7d5f849265 | Version: 1.16.0-f4)
 * City of Brass (App name: Arrowroot | Version: 1.6.3.0)
 * Close to the Sun (App name: Silene | Version: 120)
 * Conarium (App name: Canary | Version: 1.0.0.6)
 * Control (App name: Calluna | Version: 01.13)
 * Costume Quest (App name: Violetear | Version: 1)
 * Costume Quest 2 (App name: 82a78a4dd6ef4eaa892707791b705073 | Version: 1)
 * Crashlands (App name: afdf59e3dc8f40ec8fd887b5d3fcef23 | Version: epic_release_1.5.87_1.5.87-rc.8_windows_1650904578814)
 * Creature in the Well (App name: a579a08e71b341e6af106dbd170e2ab2 | Version: 1.0.0-137001-1)
 * Crying Suns (App name: 18fafa2d70d64831ab500a9d65ba9ab8 | Version: 2.2.5.14-WIN64)
 * Dandara: Trials of Fear Edition (App name: c35b9699c4e24c56976b5bd8eceba464 | Version: 1.4.11-pc)
 * Darksiders II Deathinitive Edition (App name: Hoki | Version: 1.0)
 * Darksiders Warmastered Edition (App name: Hake | Version: 1.0)
 * DARQ (App name: ee96375fac2f47de978170a24398e581 | Version: 1.3.2d)
 * Dauntless (App name: Jackal | Version: 1.13.0.418152)
 * Dead by Daylight (App name: Brill | Version: DBD_Live_EGS_Shipping_131_674859_6.5.1.2)
 * Death Coming (App name: 2333810845fd49a286baf29f9b58f9ae | Version: 1.1.713)
 * Defense Grid: The Awakening (App name: a434dcb20f0d439b93aaa31dac9e3210 | Version: 1.263117)
 * Deponia The Complete Journey (App name: 03b7b25a77024cc0adf44777f791ffc4 | Version: 3.3.0156.8)
 * Drawful 2 (App name: Daisy | Version: 1.0.2)
 * Dungeons 3 (App name: 351fe5b32e22412d8fa41f4c7395fed1 | Version: v1.7 build13 @c33954b v11)
 * Enter the Gungeon (App name: Garlic | Version: 2.1.9a)
 * Europa Universalis IV (App name: da0103e959e54d139d0c109ded3b3672 | Version: EU4-v1.34.5.0-Sweden-2f83-windows-live-152)
 * Everything (App name: Pelican | Version: 1.08)
 * Faeria (App name: Vulture | Version: 0.20.3(Win))
 * Farming Simulator 19 (App name: Stellula | Version: 1.7.1.0o Win)
 * Faster Than Light (App name: Blowfish | Version: 1.6.12.Windows)
 * Fez (App name: Bluebird | Version: 1.12.0)
 * Figment (App name: ed5e8d42b2ac461eb6f9176d163b9515 | Version: v1.4.0_2020-03-29_3ceaeed)
 * For The King (App name: Discus | Version: 45)
 * Fortnite (App name: Fortnite | Version: ++Fortnite+Release-23.20-CL-23783097-Windows)
 * Frostpunk (App name: b2e00fc16632475782a7730d1bd7cb60 | Version: 0.0.10)
 * Galactic Civilizations III (App name: 5f1c66366b2c4a6496d535d88c56e6cf | Version: v4.51.364767.2)
 * Galactic Civilizations III (Test branch) (App name: 8931f79300d04c5889799bffc8ef70bd | Version: v4.51.364767.2)
 * Genshin Impact (App name: 41869934302e4b8cafac2d3c0e7c293d | Version: 65)
 * Ghostbusters The Video Game Remastered (App name: Mint | Version: retail10)
 * God's Trigger (App name: 9bc4423d873845739cc99ab69b6bfbe9 | Version: 1.2.58760.3)
 * Godfall (App name: Carp | Version: 5.1.23-prod-stable)
 * Gone Home (App name: Flier | Version: 1.3.3)
 * GoNNER (App name: Emperor | Version: ItsnotGonner2)
 * Grand Theft Auto V (App name: 9d2d0eb64d5c44529cece33fe2a46482 | Version: 1.0.2802.0)
 * Halcyon 6 (App name: b9e848fc5e844f4285b0624789476664 | Version: 1.4.3.5)
 * Hand of Fate 2 (App name: 808f0dfbf3b84c2680793724d7f207bf | Version: 1.9.91_54131_Win64_Live)
 * Helium Rain Mod Kit (App name: Sunflower | Version: 1.0.7)
 * Hell is other demons (App name: 5ade01bafec54a148024665ce978b2a4 | Version: 0.0.17-win)
 * Hello Neighbor (App name: Ursus | Version: 1.4.1)
 * HITMAN (App name: Barbet | Version: 4226454)
 * HITMAN 3 (App name: Eider | Version: 6519315)
 * Hob (App name: Lyrebird | Version: 1.0)
 * Horace (App name: Palila | Version: 1.8)
 * Horizon Chase Turbo (App name: bb406082b69a47208489d3616b22b5c2 | Version: 2.0.202223111113)
 * Hue (App name: Herring | Version: 1.0)
 * Hyper Light Drifter (App name: Parakeet | Version: 1.0.0)
 * Idle Champions of the Forgotten Realms (App name: 40cb42e38c0b4a14a1bb133eb3291572 | Version: IdleDragons48964Live)
 * InnerSpace (App name: Almond | Version: 1.0.0c)
 * Inside (App name: Marigold | Version: 1.0.0)
 * Into The Breach (App name: Blobfish | Version: 1.2.86)
 * Ironcast (App name: ac8f20a7931e4d63a1db4dc1267ec3d1 | Version: 1.0.1)
 * Jotun Valhalla Edition (App name: Grouse | Version: 1.02)
 * Jurassic World Evolution (App name: 373a4372c20540aca7fdd880d27fa49a | Version: 1.12.7.54973)
 * Just Cause 4 (App name: Kakopo | Version: JC4_2226912_1830540)
 * Ken Follett's The Pillars of the Earth (App name: 819985835fd54090845e3083e28b77bb | Version: 1.2.12950-64Bit)
 * Killing Floor 2 (App name: Finch | Version: 473305-2022_12_01_04h53m04s)
 * KillingFloor2Beta (App name: 3223ccf6ac9b4189bd4e144c047d33fb | Version: NOVERSION-2022_10_20_16h30m51s)
 * Kingdom Come Deliverance (App name: Eel | Version: 1.9.6-404-504pt)
 * Kingdom New Lands (App name: cacao | Version: 1.2.8-r2121-Windows)
 * Layers of Fear (App name: Cilantro | Version: 1.1.1e)
 * Layers of Fear 2 (App name: 473e24df09f843a1acc4aa16b01dae83 | Version: 1.0.0.0)
 * Lifeless Planet: Premier Edition (App name: 860a4feefe2a4f48905ae86c61d5db64 | Version: 1.0.0)
 * Limbo (App name: Hazelnut | Version: 1.0.1)
 * Little Inferno (App name: Clover | Version: 2.0.3)
 * Loop Hero (App name: f7a0ebb44f93430fb1c4388a395eba96 | Version: 11054)
 * Magic: Legends (App name: f65978f976a944bcac6a51c5ba0afbec | Version: CL_2021_03_12_14_37)
 * Metro 2033 Redux (App name: Petunia | Version: 0.1.0.0)
 * Metro Last Light Redux (App name: Speedwell | Version: 0.1.0.0)
 * Might & Magic: Chess Royale (App name: b141e42965ff431aa0e23bf3d5635942 | Version: 3.0)
  - This game can be activated directly on your Ubisoft account and does not require legendary to install/run. Use "legendary activate --uplay" and follow the instructions.
 * Minit (App name: Petrel | Version: 0.1-staging-win32)
 * Moonlighter (App name: Eagle | Version: 1.14.38)
 * Mothergunship (App name: ee5c6a659d0f478fba0049fa44429a1f | Version: 1.0.196)
 * MudRunner (App name: Bulbul | Version: 0.8.1)
 * Mutazione (App name: 1fe19232c0f7476a8e99fd8752e800c2 | Version: Win-1.85.1)
 * My Time at Portia (App name: Cobra | Version: 2.0.20210813)
 * NBA 2K21 (App name: 639977eecfd2497c941b71af949b5067 | Version: 1.12.135040)
 * Neon Abyss (App name: a26f991a5e6c4e9c9572fc200cbea47f | Version: Release_81)
 * Next Up Hero (App name: Sumac | Version: 0.0.16)
 * Night in the Woods (App name: cd1b8a6e5b6c47369e2a1e2cf7b7f536 | Version: 406.Win64)
 * Nioh: The Complete Edition (App name: b5e42b0dc2f544a5bbb4080a433b8b71 | Version: Ver1.24.08.57450)
 * Nuclear Throne (App name: Turaco | Version: 1)
 * Obduction (App name: 635e08e4b4824baabd24ef3cf941743c | Version: 1.8.4)
 * Oddworld: New 'n' Tasty (App name: 7c566548d24343e48151125ced4b494c | Version: Epic 1.0)
 * Offworld Trading Company (App name: Snapper | Version: 248)
 * Overcooked (App name: Sage | Version: 1.0)
 * Overcooked! 2 (App name: Potoo | Version: 246.807171)
 * Oxenfree (App name: Hibiscus | Version: 3.2.16_20220627_011)
 * Paladins (App name: Antbird | Version: 741)
 * Pathway (App name: 8fceb562623c430db9bb6abf0549c43e | Version: 1.4.0_windows64)
 * PC Building Simulator (App name: ab277c0995e945d2b2c50c46883627f1 | Version: v1.15.4_88)
 * Pikuniku (App name: 48619f5656da446abccb727b78cda644 | Version: Win64_1)
 * Pillars of Eternity - Definitive Edition (App name: bcc75c246fe04e45b0c1f1c3fd52503a | Version: 1.0.11)
  + Pillars of Eternity - Definitive Edition Pack (App name: 8e975c15166a4a1ca28d65fdfa411248 | Version: 1.0.0)
 * Pine (App name: 6d564ff21f9c45b7b782b7113ad60be8 | Version: Patch 13)
 * Q.U.B.E. 2 (App name: Auk | Version: 1.2)
 * Rage 2 (App name: ad3d0f08dd0841d8a1ba77d94ded4773 | Version: 1.8)
 * Railway Empire (App name: 8cf7c6b964514532ad8284a376a517bf | Version: 1.14.2.27630)
 * Rayman Legends (App name: Anchovy | Version: 1.00)
  - This game can be activated directly on your Ubisoft account and does not require legendary to install/run. Use "legendary activate --uplay" and follow the instructions.
 * Rebel Galaxy (App name: Weaver | Version: 1.08f)
 * Relicta (App name: b4670484aae24db492f0b468a98fe361 | Version: 1.1.0)
 * Remnant: From the Ashes (App name: b4a0d2d15acb4db894a599b810297543 | Version: Remnant_Win64_Shipping_275957)
 * Rise of the Tomb Raider: 20 Year Celebration (App name: f7cc1c999ac146f39b356f53e3489514 | Version: TR2_30112021_1027.0_1224023_303770_132827583431143041_)
 * Rising Storm 2: Vietnam (App name: Tern | Version: 20210514-403690-36)
 * Rocket League® (App name: Sugar | Version: BC2_Update40.1+411503)
 * Rogue Company (App name: Pewee | Version: 1623)
 * RollerCoaster Tycoon® 3: Complete Edition (App name: 281a47e363284108b82bf05c1a612145 | Version: 3.2.5.13)
 * RUINER (App name: Laridae | Version: 1.0.4)
 * Saints Row The Third Remastered (App name: Loon | Version: SRTTR_20211028_epic_14th_patch)
 * Salt and Sanctuary (App name: 499f085e442048aa854d6250b21c42fb | Version: 1.0.0.2a)
 * SAMURAI SHODOWN NEOGEO COLLECTION (App name: 75553c71fa1744a4be89f71d5b862eae | Version: 1.0.5.4)
 * Shadow Tactics: Blades of the Shogun (App name: Fangtooth | Version: 2.2.11.F.Windows_EpicStore.2023_01_17_1555_Windows)
 * Shadowrun Hong Kong (App name: 41470cb5755440b8b55ec3f94351133a | Version: 1.0.0)
 * Shadowrun Returns (App name: dc29cb42f32e4a17af1d68c715fa459c | Version: 1.0.0)
 * Shadowrun: Dragonfall - Director’s Cut (App name: 5b41454974be4d5883056ba298e53675 | Version: 1.0.0)
 * Sheltered (App name: b9af0845f9d64b0d9e851d9811141f67 | Version: 123)
 * Sherlock Holmes Crimes and Punishments (App name: 0afb9d54dd3743a582b48b506466d3f8 | Version: 76601.1)
 * Sid Meier's Civilization VI (App name: Kinglet | Version: 1.0.12.859676e_nebraska_china_RTM_Kinglet)
  + Civilization VI : Aztec DLC (App name: KingletAztec | Version: 1.0.12.859676e_nebraska_china_RTM_KingletAztec)
 * Sludge Life (App name: Morganite | Version: V201003)
 * Solitairica (App name: 4c76beac4e8a4156aa8dfb9c6db09746 | Version: Solitairica 1.1.13)
 * SOMA (App name: Emu | Version: 1.62)
 * Sonic Mania (App name: 818447bb519b46d48d365d5753362796 | Version: 1.07.0035)
 * Speed Brawl (App name: 6ffe878bb1ce490ba6d3a359a1f88df2 | Version: 1.5-cbf526615d)
 * Star Wars: Jedi Fallen Order (App name: shoebill | Version: None)
  - This game has to be activated, installed, and launched via Origin, use "legendary launch --origin shoebill" to activate and/or run the game.
 * STAR WARS™ Battlefront™ II: Celebration Edition (App name: MtMassive | Version: None)
  - This game has to be activated, installed, and launched via Origin, use "legendary launch --origin MtMassive" to activate and/or run the game.
 * Steep (App name: Barracuda | Version: 1.00)
  - This game can be activated directly on your Ubisoft account and does not require legendary to install/run. Use "legendary activate --uplay" and follow the instructions.
 * Stick it to the Man (App name: Goldfish | Version: 0.9.91)
 * Stranded Deep (App name: 02107cba432c4551a027d25d597adc49 | Version: Stable-Build_1.0.17.0)
 * Stranger Things 3: The Game (App name: 0a697c1235fb4706a635cfa33f0306ec | Version: 857)
 * Stubbs the Zombie in Rebel Without a Pulse (App name: 272d51db75be476f9ad60c0e7fc24470 | Version: 1.0.0)
 * Subnautica (App name: Jaguar | Version: 71137-27848352-Windows)
 * Sundered Eldritch Edition (App name: Moa | Version: 1)
 * Sunless Sea (App name: 2420b50453144c07b3b847fff941275d | Version: 2.2.11.3212a-Windows)
 * Super Meat Boy (App name: Buffalo | Version: 1.2.5.3)
 * Superbrothers: Sword & Sworcery EP (App name: f6d328ca5be24fd585478d1477e1ea4d | Version: 1.02)
 * SUPERHOT (App name: Dory | Version: 1.0.21_1134)
 * Surviving Mars (App name: Ovenbird | Version: 1.5_Fuglesang.1011166-Windows)
 * Tacoma (App name: Flagfin | Version: 1.0)
 * Tales of the Neon Sea (App name: 0dac2fd1f95240bda133d1f2fb27c705 | Version: 1.0.84)
 * Tharsis (App name: 266d978cc221471787b597695cbb9a75 | Version: 1.03)
 * The Alto Collection (App name: Hornbill | Version: 1.0.5)
 * The Bridge (App name: Sunbird | Version: 1.0)
 * The Cycle: Frontier (App name: AzaleaAlpha | Version: R2.7.0)
 * The End is Nigh (App name: Statice | Version: 0.0.9)
 * The Escapists (App name: Peony | Version: dev_n43)
 * The Escapists 2 (App name: Fowl | Version: 0.24)
 * The Fall (App name: daac7fe46e3647cb80530411d7ec1dc5 | Version: 3.0.05.64nodll)
 * The First Tree (App name: cd98b47155654e1f9a9e84e60d0b49e4 | Version: 1.0.0.32)
 * The Long Dark (App name: ed93b18355a84230938c705121c63661 | Version: PC_TLD_106075)
  + The Long Dark: Wintermute (App name: 87441b64c6d746b7a7c90017c227dd0c | Version: PC_WM_105647)
 * The Messenger (App name: Jay | Version: 2.0.2.4)
 * The Spectrum Retreat (App name: 7b8fb449c8d3404ba7eda9cd4da1401b | Version: 1.0rc)
 * The Stanley Parable (App name: Freesia | Version: 1.0)
 * The Talos Principle (App name: Bustard | Version: 461288)
 * The Witness (App name: Magnolia | Version: 2019_1_23_fix)
 * The Wolf Among Us (App name: Cobbler | Version: 1.0.0.0)
 * theHunter: Call of the Wild™ (App name: 4f0c34d469bb47b2bcf5b377f47ccfe3 | Version: 0.0.1073)
 * Thimbleweed Park (App name: Tulip | Version: 955.1-win)
 * Ticket to Ride (App name: Towhee | Version: 2.7.11-6980-90471d26-win)
 * Tiny Tina's Assault on Dragon Keep: A Wonderlands One-shot Adventure (App name: 9e296d276ad447108f12c654c3341d59 | Version: PAW-PAD2-81)
 * Torchlight (App name: Terragon | Version: 1.15)
 * Torchlight II (App name: 8e425d507bd6473dbb927f0fea8ef4f6 | Version: 1.25.9.5)
 * Tormentor X Punisher (App name: Goby | Version: txp12)
 * Total War: WARHAMMER (App name: 30d3a88d29e24716ac5a4720042289f7 | Version: 16191.2644865)
 * Totally Accurate Battle Simulator (App name: Driftfish | Version: 1.1.0_03_win64)
 * Totally Reliable Delivery Service (App name: Hoatzin | Version: 2.03.03-win)
 * Towerfall Ascension (App name: Bichir | Version: 1.3.3.1-installer)
 * Trackmania (App name: Pigeon | Version: 1.1)
  - This game can be activated directly on your Ubisoft account and does not require legendary to install/run. Use "legendary activate --uplay" and follow the instructions.
 * Train Sim World 2 (App name: dd75b5c168d546cc869582c0389f0a1d | Version: 1.0.182)
 * Transistor (App name: Dill | Version: 1.50627.2019-06-10-16:14:59-x64)
 * Tyranny - Gold Edition (App name: 36b0e40890f147fbb1e3965f87369156 | Version: 1.0.21)
  + Tyranny - Gold Edition Pack (App name: 4d374e0805dc42bfb78c0ceb24bd1085 | Version: 1.0.0)
 * Unrailed (App name: 76233c0af0a441c7bd541e7d7ab3cde1 | Version: 2.0-2142376e6_2)
 * Unreal Tournament (App name: UnrealTournamentDev | Version: ++UT+Release-Next-CL-18001330)
 * Verdun (App name: 38c0129b680e4843b4807b98bad67027 | Version: 0.37119_Windows)
 * Void Bastards (App name: 595e35287b824902a2f7107139603732 | Version: 2.0.33)
 * Wargame: Red Dragon (App name: 2cd446792405468e9e87f67649d864c2 | Version: 72352)
 * Watch Dogs (App name: Jasper | Version: 1.0)
  - This game can be activated directly on your Ubisoft account and does not require legendary to install/run. Use "legendary activate --uplay" and follow the instructions.
 * Watch Dogs 2 (App name: Angelonia | Version: 1.0)
  - This game can be activated directly on your Ubisoft account and does not require legendary to install/run. Use "legendary activate --uplay" and follow the instructions.
 * Where The Water Tastes Like Wine (App name: e8964b869b6849bea41eefec766cd665 | Version: 1.0)
 * while True: learn() (App name: 4f272a49a39742b795d63e1f483a7c7d | Version: 1.5.99.24.win64)
 * Wilmot's Warehouse (App name: 9b40e3ffb4074f22a856a521be5ce858 | Version: 1.0.7)
 * World of Goo (App name: Anemone | Version: 1.53)
 * World War Z (App name: Wombat | Version: 2.13)
 * Yoku's Island Express (App name: 3acb0920074446e8baaa4c249200d892 | Version: 2021-09-26_11_01_07)
 * Yooka-Laylee (App name: ce2a78bf70b646e9b9f57c46dac99184 | Version: 30)
 * Yooka-Laylee and the Impossible Lair (App name: Duckbill | Version: 1.0.28131)

Total: 226

Legendary update available!
- New version: 0.20.32 - "Dark Energy (hotfix #6)"
- Release summary:
 [!] Fixes installing games that specify invalid install directories (e.g. Kerbal Space Program)
 [*] More gracefully handles account errors
See full changelog for additional details.
- Release URL: https://legendary.gl/release/0.20.32

- Download URL: https://legendary.gl/release/download/0.20.32/legendary
[1/29/2023, 9:59:22 PM] /opt/heroic/resources/app.asar.unpacked/build/bin/linux/legendary list --third-party
[cli] INFO: Logging in...
[Core] INFO: Trying to re-use existing login session...
[cli] INFO: Getting game list... (this may take a while)

Available games:
 * 20XX (App name: Quail | Version: 1.42.13rc1)
 * 3 out of 10, EP 1: "Welcome To Shovelworks" (App name: Flounder | Version: R01_S01_E05_V007_CL16693)
 * >observer_ (App name: Tumeric | Version: 1.0.0d)
 * A Plague Tale: Innocence (App name: e0fa47ae79514345823bff209ae29451 | Version: EGS_1.08.4)
 * A Short Hike (App name: d6407c9e6fd54cb492b8c6635480d792 | Version: 1.9_v3_Windows)
 * Absolute Drift (App name: 19927295d6e3467887d4e830d8c85963 | Version: Win_202205111132)
 * ABZU (App name: Curry | Version: 1.0)
 * AER Memories of Old (App name: 26b63c46de9e4dcc856b3c6b106b6777 | Version: 1.0.4.1)
 * Alan Wake's American Nightmare (App name: Condor | Version: 01.03)
 * Alien: Isolation (App name: 8935bb3e1420443a9789fe01758039a5 | Version: 1.0RC5.284847.51533)
  + Alien: Isolation - Last Survivor (App name: 6b61b3692dae45be889bf38cb1f9ed84 | Version: 1.0RC5.284847.51533)
 * Amnesia:  The Dark Descent (App name: ece4c58603d04bcb97454be9a7492fa6 | Version: 1.5)
 * Amnesia: A Machine for Pigs (App name: d7db33dfe7634d6b8a188c708f2caa3c | Version: 1.2)
 * Among the Sleep - Enhanced Edition (App name: aa78f7be2ee64193b6b6444c5fc50157 | Version: Windows.3.1.0.41_Win64_DLL_Fix)
 * Among Us (App name: 963137e4c29d4c79a81323b8fab03a40 | Version: 2640)
 * Anodyne 2: Return to Dust (App name: Tanzanite | Version: Win_1.32)
 * Ape Out (App name: Coley | Version: 1.0.0)
 * ARK: Survival Evolved (App name: aafc587fbf654758802c8e41e4fb3255 | Version: 356.1.win)
 * Assassins Creed Syndicate (App name: Albacore | Version: 1.54)
  - This game can be activated directly on your Ubisoft account and does not require legendary to install/run. Use "legendary activate --uplay" and follow the instructions.
 * Automachef (App name: 069a60f6b0514a5fbe81b38957c1ddfd | Version: 15)
 * Axiom Verge (App name: Puffin | Version: 1.53)
 * Axiom Verge Randomizer Beta (App name: 3017c57256b640519e6b84b44a4ac940 | Version: 1.58)
 * Aztez (App name: Grunt | Version: 1.2-aeeb6200374fc01a6a51c3006846a350febeb243.21-Win)
 * Bad North Jotunn Edition (App name: Chives | Version: 2.00.5)
 * Barony (App name: c98c4cd6d83a4524b4b22f13af95a104 | Version: v3.3.7-010920)
 * Barony (Beta) (App name: 24349b736ad74d9db72e6cab21933877 | Version: v3.8.6-qodbeta-241222-3)
 * Batman™ Arkham Asylum Game of the Year Edition (App name: Godwit | Version: 1.93)
 * Batman™ Arkham City - Game of the Year Edition (App name: Egret | Version: 1.7)
 * Batman™ Arkham Knight (App name: Cowbird | Version: 1.98)
 * Battle Breakers (App name: WorldExplorersLive | Version: 1.88.244-r17036752-Windows)
 * Blair Witch (App name: 247a0f0f5803429eb3be2c06f3ea77ff | Version: BLAIR_WIN_SRC_20191209_1642)
 * Borderlands 2 (App name: Dodo | Version: 2.0.2_BN347_CL2863302)
 * Borderlands: The Pre-Sequel (App name: Turkey | Version: 2.0.2_BN160_CL2863302)
 * Bridge Constructor: The Walking Dead (App name: 998af0ab527c493baefb8049250c9a0e | Version: 1.0r31Win)
 * Carcassonne (App name: Thrush | Version: 1.10.2967-win)
 * Cave Story+ (App name: 1dea8a6ddb544842a58e4b5c8675ff58 | Version: 1.1)
 * Celeste (App name: Salt | Version: 1.4.0.0-Windows)
 * Cities Skylines (App name: bcbc03d8812a44c18f41cf7d5f849265 | Version: 1.16.0-f4)
 * City of Brass (App name: Arrowroot | Version: 1.6.3.0)
 * Close to the Sun (App name: Silene | Version: 120)
 * Conarium (App name: Canary | Version: 1.0.0.6)
 * Control (App name: Calluna | Version: 01.13)
 * Costume Quest (App name: Violetear | Version: 1)
 * Costume Quest 2 (App name: 82a78a4dd6ef4eaa892707791b705073 | Version: 1)
 * Crashlands (App name: afdf59e3dc8f40ec8fd887b5d3fcef23 | Version: epic_release_1.5.87_1.5.87-rc.8_windows_1650904578814)
 * Creature in the Well (App name: a579a08e71b341e6af106dbd170e2ab2 | Version: 1.0.0-137001-1)
 * Crying Suns (App name: 18fafa2d70d64831ab500a9d65ba9ab8 | Version: 2.2.5.14-WIN64)
 * Dandara: Trials of Fear Edition (App name: c35b9699c4e24c56976b5bd8eceba464 | Version: 1.4.11-pc)
 * Darksiders II Deathinitive Edition (App name: Hoki | Version: 1.0)
 * Darksiders Warmastered Edition (App name: Hake | Version: 1.0)
 * DARQ (App name: ee96375fac2f47de978170a24398e581 | Version: 1.3.2d)
 * Dauntless (App name: Jackal | Version: 1.13.0.418152)
 * Dead by Daylight (App name: Brill | Version: DBD_Live_EGS_Shipping_131_674859_6.5.1.2)
 * Death Coming (App name: 2333810845fd49a286baf29f9b58f9ae | Version: 1.1.713)
 * Defense Grid: The Awakening (App name: a434dcb20f0d439b93aaa31dac9e3210 | Version: 1.263117)
 * Deponia The Complete Journey (App name: 03b7b25a77024cc0adf44777f791ffc4 | Version: 3.3.0156.8)
 * Drawful 2 (App name: Daisy | Version: 1.0.2)
 * Dungeons 3 (App name: 351fe5b32e22412d8fa41f4c7395fed1 | Version: v1.7 build13 @c33954b v11)
 * Enter the Gungeon (App name: Garlic | Version: 2.1.9a)
 * Europa Universalis IV (App name: da0103e959e54d139d0c109ded3b3672 | Version: EU4-v1.34.5.0-Sweden-2f83-windows-live-152)
 * Everything (App name: Pelican | Version: 1.08)
 * Faeria (App name: Vulture | Version: 0.20.3(Win))
 * Farming Simulator 19 (App name: Stellula | Version: 1.7.1.0o Win)
 * Faster Than Light (App name: Blowfish | Version: 1.6.12.Windows)
 * Fez (App name: Bluebird | Version: 1.12.0)
 * Figment (App name: ed5e8d42b2ac461eb6f9176d163b9515 | Version: v1.4.0_2020-03-29_3ceaeed)
 * For The King (App name: Discus | Version: 45)
 * Fortnite (App name: Fortnite | Version: ++Fortnite+Release-23.20-CL-23783097-Windows)
 * Frostpunk (App name: b2e00fc16632475782a7730d1bd7cb60 | Version: 0.0.10)
 * Galactic Civilizations III (App name: 5f1c66366b2c4a6496d535d88c56e6cf | Version: v4.51.364767.2)
 * Galactic Civilizations III (Test branch) (App name: 8931f79300d04c5889799bffc8ef70bd | Version: v4.51.364767.2)
 * Genshin Impact (App name: 41869934302e4b8cafac2d3c0e7c293d | Version: 65)
 * Ghostbusters The Video Game Remastered (App name: Mint | Version: retail10)
 * God's Trigger (App name: 9bc4423d873845739cc99ab69b6bfbe9 | Version: 1.2.58760.3)
 * Godfall (App name: Carp | Version: 5.1.23-prod-stable)
 * Gone Home (App name: Flier | Version: 1.3.3)
 * GoNNER (App name: Emperor | Version: ItsnotGonner2)
 * Grand Theft Auto V (App name: 9d2d0eb64d5c44529cece33fe2a46482 | Version: 1.0.2802.0)
 * Halcyon 6 (App name: b9e848fc5e844f4285b0624789476664 | Version: 1.4.3.5)
 * Hand of Fate 2 (App name: 808f0dfbf3b84c2680793724d7f207bf | Version: 1.9.91_54131_Win64_Live)
 * Helium Rain Mod Kit (App name: Sunflower | Version: 1.0.7)
 * Hell is other demons (App name: 5ade01bafec54a148024665ce978b2a4 | Version: 0.0.17-win)
 * Hello Neighbor (App name: Ursus | Version: 1.4.1)
 * HITMAN (App name: Barbet | Version: 4226454)
 * HITMAN 3 (App name: Eider | Version: 6519315)
 * Hob (App name: Lyrebird | Version: 1.0)
 * Horace (App name: Palila | Version: 1.8)
 * Horizon Chase Turbo (App name: bb406082b69a47208489d3616b22b5c2 | Version: 2.0.202223111113)
 * Hue (App name: Herring | Version: 1.0)
 * Hyper Light Drifter (App name: Parakeet | Version: 1.0.0)
 * Idle Champions of the Forgotten Realms (App name: 40cb42e38c0b4a14a1bb133eb3291572 | Version: IdleDragons48964Live)
 * InnerSpace (App name: Almond | Version: 1.0.0c)
 * Inside (App name: Marigold | Version: 1.0.0)
 * Into The Breach (App name: Blobfish | Version: 1.2.86)
 * Ironcast (App name: ac8f20a7931e4d63a1db4dc1267ec3d1 | Version: 1.0.1)
 * Jotun Valhalla Edition (App name: Grouse | Version: 1.02)
 * Jurassic World Evolution (App name: 373a4372c20540aca7fdd880d27fa49a | Version: 1.12.7.54973)
 * Just Cause 4 (App name: Kakopo | Version: JC4_2226912_1830540)
 * Ken Follett's The Pillars of the Earth (App name: 819985835fd54090845e3083e28b77bb | Version: 1.2.12950-64Bit)
 * Killing Floor 2 (App name: Finch | Version: 473305-2022_12_01_04h53m04s)
 * KillingFloor2Beta (App name: 3223ccf6ac9b4189bd4e144c047d33fb | Version: NOVERSION-2022_10_20_16h30m51s)
 * Kingdom Come Deliverance (App name: Eel | Version: 1.9.6-404-504pt)
 * Kingdom New Lands (App name: cacao | Version: 1.2.8-r2121-Windows)
 * Layers of Fear (App name: Cilantro | Version: 1.1.1e)
 * Layers of Fear 2 (App name: 473e24df09f843a1acc4aa16b01dae83 | Version: 1.0.0.0)
 * Lifeless Planet: Premier Edition (App name: 860a4feefe2a4f48905ae86c61d5db64 | Version: 1.0.0)
 * Limbo (App name: Hazelnut | Version: 1.0.1)
 * Little Inferno (App name: Clover | Version: 2.0.3)
 * Loop Hero (App name: f7a0ebb44f93430fb1c4388a395eba96 | Version: 11054)
 * Magic: Legends (App name: f65978f976a944bcac6a51c5ba0afbec | Version: CL_2021_03_12_14_37)
 * Metro 2033 Redux (App name: Petunia | Version: 0.1.0.0)
 * Metro Last Light Redux (App name: Speedwell | Version: 0.1.0.0)
 * Might & Magic: Chess Royale (App name: b141e42965ff431aa0e23bf3d5635942 | Version: 3.0)
  - This game can be activated directly on your Ubisoft account and does not require legendary to install/run. Use "legendary activate --uplay" and follow the instructions.
 * Minit (App name: Petrel | Version: 0.1-staging-win32)
 * Moonlighter (App name: Eagle | Version: 1.14.38)
 * Mothergunship (App name: ee5c6a659d0f478fba0049fa44429a1f | Version: 1.0.196)
 * MudRunner (App name: Bulbul | Version: 0.8.1)
 * Mutazione (App name: 1fe19232c0f7476a8e99fd8752e800c2 | Version: Win-1.85.1)
 * My Time at Portia (App name: Cobra | Version: 2.0.20210813)
 * NBA 2K21 (App name: 639977eecfd2497c941b71af949b5067 | Version: 1.12.135040)
 * Neon Abyss (App name: a26f991a5e6c4e9c9572fc200cbea47f | Version: Release_81)
 * Next Up Hero (App name: Sumac | Version: 0.0.16)
 * Night in the Woods (App name: cd1b8a6e5b6c47369e2a1e2cf7b7f536 | Version: 406.Win64)
 * Nioh: The Complete Edition (App name: b5e42b0dc2f544a5bbb4080a433b8b71 | Version: Ver1.24.08.57450)
 * Nuclear Throne (App name: Turaco | Version: 1)
 * Obduction (App name: 635e08e4b4824baabd24ef3cf941743c | Version: 1.8.4)
 * Oddworld: New 'n' Tasty (App name: 7c566548d24343e48151125ced4b494c | Version: Epic 1.0)
 * Offworld Trading Company (App name: Snapper | Version: 248)
 * Overcooked (App name: Sage | Version: 1.0)
 * Overcooked! 2 (App name: Potoo | Version: 246.807171)
 * Oxenfree (App name: Hibiscus | Version: 3.2.16_20220627_011)
 * Paladins (App name: Antbird | Version: 741)
 * Pathway (App name: 8fceb562623c430db9bb6abf0549c43e | Version: 1.4.0_windows64)
 * PC Building Simulator (App name: ab277c0995e945d2b2c50c46883627f1 | Version: v1.15.4_88)
 * Pikuniku (App name: 48619f5656da446abccb727b78cda644 | Version: Win64_1)
 * Pillars of Eternity - Definitive Edition (App name: bcc75c246fe04e45b0c1f1c3fd52503a | Version: 1.0.11)
  + Pillars of Eternity - Definitive Edition Pack (App name: 8e975c15166a4a1ca28d65fdfa411248 | Version: 1.0.0)
 * Pine (App name: 6d564ff21f9c45b7b782b7113ad60be8 | Version: Patch 13)
 * Q.U.B.E. 2 (App name: Auk | Version: 1.2)
 * Rage 2 (App name: ad3d0f08dd0841d8a1ba77d94ded4773 | Version: 1.8)
 * Railway Empire (App name: 8cf7c6b964514532ad8284a376a517bf | Version: 1.14.2.27630)
 * Rayman Legends (App name: Anchovy | Version: 1.00)
  - This game can be activated directly on your Ubisoft account and does not require legendary to install/run. Use "legendary activate --uplay" and follow the instructions.
 * Rebel Galaxy (App name: Weaver | Version: 1.08f)
 * Relicta (App name: b4670484aae24db492f0b468a98fe361 | Version: 1.1.0)
 * Remnant: From the Ashes (App name: b4a0d2d15acb4db894a599b810297543 | Version: Remnant_Win64_Shipping_275957)
 * Rise of the Tomb Raider: 20 Year Celebration (App name: f7cc1c999ac146f39b356f53e3489514 | Version: TR2_30112021_1027.0_1224023_303770_132827583431143041_)
 * Rising Storm 2: Vietnam (App name: Tern | Version: 20210514-403690-36)
 * Rocket League® (App name: Sugar | Version: BC2_Update40.1+411503)
 * Rogue Company (App name: Pewee | Version: 1623)
 * RollerCoaster Tycoon® 3: Complete Edition (App name: 281a47e363284108b82bf05c1a612145 | Version: 3.2.5.13)
 * RUINER (App name: Laridae | Version: 1.0.4)
 * Saints Row The Third Remastered (App name: Loon | Version: SRTTR_20211028_epic_14th_patch)
 * Salt and Sanctuary (App name: 499f085e442048aa854d6250b21c42fb | Version: 1.0.0.2a)
 * SAMURAI SHODOWN NEOGEO COLLECTION (App name: 75553c71fa1744a4be89f71d5b862eae | Version: 1.0.5.4)
 * Shadow Tactics: Blades of the Shogun (App name: Fangtooth | Version: 2.2.11.F.Windows_EpicStore.2023_01_17_1555_Windows)
 * Shadowrun Hong Kong (App name: 41470cb5755440b8b55ec3f94351133a | Version: 1.0.0)
 * Shadowrun Returns (App name: dc29cb42f32e4a17af1d68c715fa459c | Version: 1.0.0)
 * Shadowrun: Dragonfall - Director’s Cut (App name: 5b41454974be4d5883056ba298e53675 | Version: 1.0.0)
 * Sheltered (App name: b9af0845f9d64b0d9e851d9811141f67 | Version: 123)
 * Sherlock Holmes Crimes and Punishments (App name: 0afb9d54dd3743a582b48b506466d3f8 | Version: 76601.1)
 * Sid Meier's Civilization VI (App name: Kinglet | Version: 1.0.12.859676e_nebraska_china_RTM_Kinglet)
  + Civilization VI : Aztec DLC (App name: KingletAztec | Version: 1.0.12.859676e_nebraska_china_RTM_KingletAztec)
 * Sludge Life (App name: Morganite | Version: V201003)
 * Solitairica (App name: 4c76beac4e8a4156aa8dfb9c6db09746 | Version: Solitairica 1.1.13)
 * SOMA (App name: Emu | Version: 1.62)
 * Sonic Mania (App name: 818447bb519b46d48d365d5753362796 | Version: 1.07.0035)
 * Speed Brawl (App name: 6ffe878bb1ce490ba6d3a359a1f88df2 | Version: 1.5-cbf526615d)
 * Star Wars: Jedi Fallen Order (App name: shoebill | Version: None)
  - This game has to be activated, installed, and launched via Origin, use "legendary launch --origin shoebill" to activate and/or run the game.
 * STAR WARS™ Battlefront™ II: Celebration Edition (App name: MtMassive | Version: None)
  - This game has to be activated, installed, and launched via Origin, use "legendary launch --origin MtMassive" to activate and/or run the game.
 * Steep (App name: Barracuda | Version: 1.00)
  - This game can be activated directly on your Ubisoft account and does not require legendary to install/run. Use "legendary activate --uplay" and follow the instructions.
 * Stick it to the Man (App name: Goldfish | Version: 0.9.91)
 * Stranded Deep (App name: 02107cba432c4551a027d25d597adc49 | Version: Stable-Build_1.0.17.0)
 * Stranger Things 3: The Game (App name: 0a697c1235fb4706a635cfa33f0306ec | Version: 857)
 * Stubbs the Zombie in Rebel Without a Pulse (App name: 272d51db75be476f9ad60c0e7fc24470 | Version: 1.0.0)
 * Subnautica (App name: Jaguar | Version: 71137-27848352-Windows)
 * Sundered Eldritch Edition (App name: Moa | Version: 1)
 * Sunless Sea (App name: 2420b50453144c07b3b847fff941275d | Version: 2.2.11.3212a-Windows)
 * Super Meat Boy (App name: Buffalo | Version: 1.2.5.3)
 * Superbrothers: Sword & Sworcery EP (App name: f6d328ca5be24fd585478d1477e1ea4d | Version: 1.02)
 * SUPERHOT (App name: Dory | Version: 1.0.21_1134)
 * Surviving Mars (App name: Ovenbird | Version: 1.5_Fuglesang.1011166-Windows)
 * Tacoma (App name: Flagfin | Version: 1.0)
 * Tales of the Neon Sea (App name: 0dac2fd1f95240bda133d1f2fb27c705 | Version: 1.0.84)
 * Tharsis (App name: 266d978cc221471787b597695cbb9a75 | Version: 1.03)
 * The Alto Collection (App name: Hornbill | Version: 1.0.5)
 * The Bridge (App name: Sunbird | Version: 1.0)
 * The Cycle: Frontier (App name: AzaleaAlpha | Version: R2.7.0)
 * The End is Nigh (App name: Statice | Version: 0.0.9)
 * The Escapists (App name: Peony | Version: dev_n43)
 * The Escapists 2 (App name: Fowl | Version: 0.24)
 * The Fall (App name: daac7fe46e3647cb80530411d7ec1dc5 | Version: 3.0.05.64nodll)
 * The First Tree (App name: cd98b47155654e1f9a9e84e60d0b49e4 | Version: 1.0.0.32)
 * The Long Dark (App name: ed93b18355a84230938c705121c63661 | Version: PC_TLD_106075)
  + The Long Dark: Wintermute (App name: 87441b64c6d746b7a7c90017c227dd0c | Version: PC_WM_105647)
 * The Messenger (App name: Jay | Version: 2.0.2.4)
 * The Spectrum Retreat (App name: 7b8fb449c8d3404ba7eda9cd4da1401b | Version: 1.0rc)
 * The Stanley Parable (App name: Freesia | Version: 1.0)
 * The Talos Principle (App name: Bustard | Version: 461288)
 * The Witness (App name: Magnolia | Version: 2019_1_23_fix)
 * The Wolf Among Us (App name: Cobbler | Version: 1.0.0.0)
 * theHunter: Call of the Wild™ (App name: 4f0c34d469bb47b2bcf5b377f47ccfe3 | Version: 0.0.1073)
 * Thimbleweed Park (App name: Tulip | Version: 955.1-win)
 * Ticket to Ride (App name: Towhee | Version: 2.7.11-6980-90471d26-win)
 * Tiny Tina's Assault on Dragon Keep: A Wonderlands One-shot Adventure (App name: 9e296d276ad447108f12c654c3341d59 | Version: PAW-PAD2-81)
 * Torchlight (App name: Terragon | Version: 1.15)
 * Torchlight II (App name: 8e425d507bd6473dbb927f0fea8ef4f6 | Version: 1.25.9.5)
 * Tormentor X Punisher (App name: Goby | Version: txp12)
 * Total War: WARHAMMER (App name: 30d3a88d29e24716ac5a4720042289f7 | Version: 16191.2644865)
 * Totally Accurate Battle Simulator (App name: Driftfish | Version: 1.1.0_03_win64)
 * Totally Reliable Delivery Service (App name: Hoatzin | Version: 2.03.03-win)
 * Towerfall Ascension (App name: Bichir | Version: 1.3.3.1-installer)
 * Trackmania (App name: Pigeon | Version: 1.1)
  - This game can be activated directly on your Ubisoft account and does not require legendary to install/run. Use "legendary activate --uplay" and follow the instructions.
 * Train Sim World 2 (App name: dd75b5c168d546cc869582c0389f0a1d | Version: 1.0.182)
 * Transistor (App name: Dill | Version: 1.50627.2019-06-10-16:14:59-x64)
 * Tyranny - Gold Edition (App name: 36b0e40890f147fbb1e3965f87369156 | Version: 1.0.21)
  + Tyranny - Gold Edition Pack (App name: 4d374e0805dc42bfb78c0ceb24bd1085 | Version: 1.0.0)
 * Unrailed (App name: 76233c0af0a441c7bd541e7d7ab3cde1 | Version: 2.0-2142376e6_2)
 * Unreal Tournament (App name: UnrealTournamentDev | Version: ++UT+Release-Next-CL-18001330)
 * Verdun (App name: 38c0129b680e4843b4807b98bad67027 | Version: 0.37119_Windows)
 * Void Bastards (App name: 595e35287b824902a2f7107139603732 | Version: 2.0.33)
 * Wargame: Red Dragon (App name: 2cd446792405468e9e87f67649d864c2 | Version: 72352)
 * Watch Dogs (App name: Jasper | Version: 1.0)
  - This game can be activated directly on your Ubisoft account and does not require legendary to install/run. Use "legendary activate --uplay" and follow the instructions.
 * Watch Dogs 2 (App name: Angelonia | Version: 1.0)
  - This game can be activated directly on your Ubisoft account and does not require legendary to install/run. Use "legendary activate --uplay" and follow the instructions.
 * Where The Water Tastes Like Wine (App name: e8964b869b6849bea41eefec766cd665 | Version: 1.0)
 * while True: learn() (App name: 4f272a49a39742b795d63e1f483a7c7d | Version: 1.5.99.24.win64)
 * Wilmot's Warehouse (App name: 9b40e3ffb4074f22a856a521be5ce858 | Version: 1.0.7)
 * World of Goo (App name: Anemone | Version: 1.53)
 * World War Z (App name: Wombat | Version: 2.13)
 * Yoku's Island Express (App name: 3acb0920074446e8baaa4c249200d892 | Version: 2021-09-26_11_01_07)
 * Yooka-Laylee (App name: ce2a78bf70b646e9b9f57c46dac99184 | Version: 30)
 * Yooka-Laylee and the Impossible Lair (App name: Duckbill | Version: 1.0.28131)

Total: 226

Legendary update available!
- New version: 0.20.32 - "Dark Energy (hotfix #6)"
- Release summary:
 [!] Fixes installing games that specify invalid install directories (e.g. Kerbal Space Program)
 [*] More gracefully handles account errors
See full changelog for additional details.
- Release URL: https://legendary.gl/release/0.20.32

- Download URL: https://legendary.gl/release/download/0.20.32/legendary
[1/29/2023, 9:59:32 PM] /opt/heroic/resources/app.asar.unpacked/build/bin/linux/legendary info Salt --platform Windows --json
[Core] INFO: Trying to re-use existing login session...
[Core] WARNING: Unable to download manifest from "download.epicgames.com" (status: 403), trying next URL...
[Core] WARNING: Unable to download manifest from "download2.epicgames.com" (status: 403), trying next URL...
[Core] WARNING: Unable to download manifest from "download3.epicgames.com" (status: 403), trying next URL...
[Core] WARNING: Unable to download manifest from "download4.epicgames.com" (status: 403), trying next URL...
{"game": {"app_name": "Salt", "title": "Celeste", "version": "1.4.0.0-Windows", "platform_versions": {"Windows": "1.4.0.0-Windows"}, "cloud_saves_supported": true, "cloud_save_folder": "{InstallDir}/Saves/", "cloud_save_folder_mac": "{UserLibrary}/Application Support/Celeste/Saves/", "is_dlc": false, "external_activation": null, "launch_options": [], "owned_dlc": []}, "install": null, "manifest": {"size": 115842, "type": "binary", "version": 17, "feature_level": 17, "app_name": "Salt", "launch_exe": "Celeste.exe", "launch_command": "", "build_version": "1.4.0.0-Windows", "build_id": "7P9Ud09mIYjhUGk9m9OMcJaSxOg", "prerequisites": null, "install_tags": [""], "num_files": 1225, "num_chunks": 1107, "disk_size": 1171334315, "download_size": 857061270, "tag_disk_size": [], "tag_download_size": []}}
[1/29/2023, 9:59:38 PM] /opt/heroic/resources/app.asar.unpacked/build/bin/linux/legendary install Salt --platform Windows --base-path /home/goldrn/Games/Heroic --skip-dlcs --skip-sdl -y
[Core] INFO: Trying to re-use existing login session...
[cli] INFO: Preparing download for "Celeste" (Salt)...
[Core] INFO: Parsing game manifest...
[Core] INFO: Install path: /home/goldrn/Games/Heroic/Celeste
[Core] INFO: Selected CDN: epicgames-download1.akamaized.net (https)
[cli] INFO: Install size: 1117.07 MiB
[cli] INFO: Download size: 817.36 MiB (Compression savings: 26.2%)
[cli] INFO: Reusable size: 0.00 MiB (chunks) / 0.00 MiB (unchanged / skipped)
[cli] INFO: Downloads are resumable, you can interrupt the download with CTRL-C and resume it using the same command later on.

Installation requirements check returned the following results:
 - Warning: (Linux) This game is using XNA/FNA and may not run in WINE


This game may have compatibility issues or require additional setup, see: https://github.com/CommandMC/EpicLinux/wiki/Celeste

[DLManager] INFO: Download Manager running with process-id: 103569
[DLManager] INFO: Starting download workers...
[DLManager] INFO: Starting file writing worker...
[DLManager] INFO: = Progress: 0.00% (0/2401), Running for 00:00:00, ETA: 00:00:00
[DLManager] INFO:  - Downloaded: 0.00 MiB, Written: 0.00 MiB
[DLManager] INFO:  - Cache usage: 32.00 MiB, active tasks: 32
[DLManager] INFO:  + Download	- 0.00 MiB/s (raw) / 0.00 MiB/s (decompressed)
[DLManager] INFO:  + Disk	- 0.00 MiB/s (write) / 0.00 MiB/s (read)
[DLManager] INFO: = Progress: 0.96% (23/2401), Running for 00:00:01, ETA: 00:01:44
[DLManager] INFO:  - Downloaded: 6.04 MiB, Written: 8.34 MiB
[DLManager] INFO:  - Cache usage: 38.00 MiB, active tasks: 32
[DLManager] INFO:  + Download	- 6.03 MiB/s (raw) / 13.98 MiB/s (decompressed)
[DLManager] INFO:  + Disk	- 8.33 MiB/s (write) / 0.00 MiB/s (read)
[DLManager] INFO: = Progress: 3.54% (85/2401), Running for 00:00:02, ETA: 00:00:54
[DLManager] INFO:  - Downloaded: 18.73 MiB, Written: 22.87 MiB
[DLManager] INFO:  - Cache usage: 37.00 MiB, active tasks: 32
[DLManager] INFO:  + Download	- 12.67 MiB/s (raw) / 12.98 MiB/s (decompressed)
[DLManager] INFO:  + Disk	- 14.51 MiB/s (write) / 0.00 MiB/s (read)
[DLManager] INFO: = Progress: 3.67% (88/2401), Running for 00:00:03, ETA: 00:01:19
[DLManager] INFO:  - Downloaded: 34.72 MiB, Written: 25.87 MiB
[DLManager] INFO:  - Cache usage: 50.00 MiB, active tasks: 32
[DLManager] INFO:  + Download	- 15.97 MiB/s (raw) / 15.98 MiB/s (decompressed)
[DLManager] INFO:  + Disk	- 3.00 MiB/s (write) / 0.00 MiB/s (read)
[DLManager] INFO: = Progress: 4.54% (109/2401), Running for 00:00:04, ETA: 00:01:24
[DLManager] INFO:  - Downloaded: 49.71 MiB, Written: 46.87 MiB
[DLManager] INFO:  - Cache usage: 44.00 MiB, active tasks: 32
[DLManager] INFO:  + Download	- 14.97 MiB/s (raw) / 14.98 MiB/s (decompressed)
[DLManager] INFO:  + Disk	- 20.97 MiB/s (write) / 0.00 MiB/s (read)
[DLManager] INFO: = Progress: 5.16% (124/2401), Running for 00:00:05, ETA: 00:01:32
[DLManager] INFO:  - Downloaded: 63.70 MiB, Written: 61.87 MiB
[DLManager] INFO:  - Cache usage: 43.00 MiB, active tasks: 32
[DLManager] INFO:  + Download	- 13.97 MiB/s (raw) / 13.98 MiB/s (decompressed)
[DLManager] INFO:  + Disk	- 14.98 MiB/s (write) / 0.00 MiB/s (read)
[DLManager] INFO: = Progress: 6.25% (150/2401), Running for 00:00:06, ETA: 00:01:30
[DLManager] INFO:  - Downloaded: 77.37 MiB, Written: 85.87 MiB
[DLManager] INFO:  - Cache usage: 33.00 MiB, active tasks: 32
[DLManager] INFO:  + Download	- 13.65 MiB/s (raw) / 13.98 MiB/s (decompressed)
[DLManager] INFO:  + Disk	- 23.97 MiB/s (write) / 0.00 MiB/s (read)
[DLManager] INFO: = Progress: 6.58% (158/2401), Running for 00:00:07, ETA: 00:01:39
[DLManager] INFO:  - Downloaded: 91.54 MiB, Written: 92.87 MiB
[DLManager] INFO:  - Cache usage: 41.00 MiB, active tasks: 32
[DLManager] INFO:  + Download	- 14.15 MiB/s (raw) / 14.98 MiB/s (decompressed)
[DLManager] INFO:  + Disk	- 6.99 MiB/s (write) / 0.00 MiB/s (read)
[DLManager] INFO: = Progress: 7.58% (182/2401), Running for 00:00:08, ETA: 00:01:37
[DLManager] INFO:  - Downloaded: 104.95 MiB, Written: 112.87 MiB
[DLManager] INFO:  - Cache usage: 35.00 MiB, active tasks: 32
[DLManager] INFO:  + Download	- 13.39 MiB/s (raw) / 13.98 MiB/s (decompressed)
[DLManager] INFO:  + Disk	- 19.97 MiB/s (write) / 0.00 MiB/s (read)
[DLManager] INFO: = Progress: 7.79% (187/2401), Running for 00:00:09, ETA: 00:01:46
[DLManager] INFO:  - Downloaded: 117.92 MiB, Written: 117.80 MiB
[DLManager] INFO:  - Cache usage: 44.00 MiB, active tasks: 32
[DLManager] INFO:  + Download	- 12.95 MiB/s (raw) / 12.98 MiB/s (decompressed)
[DLManager] INFO:  + Disk	- 4.92 MiB/s (write) / 0.00 MiB/s (read)
[DLManager] INFO: = Progress: 8.83% (212/2401), Running for 00:00:10, ETA: 00:01:43
[DLManager] INFO:  - Downloaded: 134.87 MiB, Written: 142.80 MiB
[DLManager] INFO:  - Cache usage: 41.00 MiB, active tasks: 32
[DLManager] INFO:  + Download	- 16.93 MiB/s (raw) / 16.98 MiB/s (decompressed)
[DLManager] INFO:  + Disk	- 24.97 MiB/s (write) / 0.00 MiB/s (read)
[DLManager] INFO: = Progress: 9.16% (220/2401), Running for 00:00:11, ETA: 00:01:49
[DLManager] INFO:  - Downloaded: 146.84 MiB, Written: 150.80 MiB
[DLManager] INFO:  - Cache usage: 45.00 MiB, active tasks: 32
[DLManager] INFO:  + Download	- 11.95 MiB/s (raw) / 11.98 MiB/s (decompressed)
[DLManager] INFO:  + Disk	- 7.99 MiB/s (write) / 0.00 MiB/s (read)
[DLManager] INFO: = Progress: 9.91% (238/2401), Running for 00:00:12, ETA: 00:01:49
[DLManager] INFO:  - Downloaded: 160.81 MiB, Written: 168.80 MiB
[DLManager] INFO:  - Cache usage: 41.00 MiB, active tasks: 32
[DLManager] INFO:  + Download	- 13.95 MiB/s (raw) / 13.98 MiB/s (decompressed)
[DLManager] INFO:  + Disk	- 17.98 MiB/s (write) / 0.00 MiB/s (read)
[DLManager] INFO: = Progress: 10.29% (247/2401), Running for 00:00:13, ETA: 00:01:53
[DLManager] INFO:  - Downloaded: 176.77 MiB, Written: 177.80 MiB
[DLManager] INFO:  - Cache usage: 48.00 MiB, active tasks: 32
[DLManager] INFO:  + Download	- 15.96 MiB/s (raw) / 15.99 MiB/s (decompressed)
[DLManager] INFO:  + Disk	- 9.00 MiB/s (write) / 0.00 MiB/s (read)
[DLManager] INFO: = Progress: 10.95% (263/2401), Running for 00:00:14, ETA: 00:01:54
[DLManager] INFO:  - Downloaded: 188.74 MiB, Written: 193.80 MiB
[DLManager] INFO:  - Cache usage: 44.00 MiB, active tasks: 32
[DLManager] INFO:  + Download	- 11.96 MiB/s (raw) / 11.99 MiB/s (decompressed)
[DLManager] INFO:  + Disk	- 15.99 MiB/s (write) / 0.00 MiB/s (read)
[DLManager] INFO: = Progress: 11.41% (274/2401), Running for 00:00:15, ETA: 00:01:56
[DLManager] INFO:  - Downloaded: 202.73 MiB, Written: 204.80 MiB
[DLManager] INFO:  - Cache usage: 51.00 MiB, active tasks: 32
[DLManager] INFO:  + Download	- 13.98 MiB/s (raw) / 13.99 MiB/s (decompressed)
[DLManager] INFO:  + Disk	- 10.99 MiB/s (write) / 0.00 MiB/s (read)
[DLManager] INFO: = Progress: 11.95% (287/2401), Running for 00:00:16, ETA: 00:01:58
[DLManager] INFO:  - Downloaded: 216.67 MiB, Written: 217.80 MiB
[DLManager] INFO:  - Cache usage: 54.00 MiB, active tasks: 32
[DLManager] INFO:  + Download	- 13.93 MiB/s (raw) / 13.99 MiB/s (decompressed)
[DLManager] INFO:  + Disk	- 12.99 MiB/s (write) / 0.00 MiB/s (read)
[DLManager] INFO: = Progress: 12.87% (309/2401), Running for 00:00:17, ETA: 00:01:55
[DLManager] INFO:  - Downloaded: 231.66 MiB, Written: 239.80 MiB
[DLManager] INFO:  - Cache usage: 47.00 MiB, active tasks: 32
[DLManager] INFO:  + Download	- 14.97 MiB/s (raw) / 14.99 MiB/s (decompressed)
[DLManager] INFO:  + Disk	- 21.98 MiB/s (write) / 0.00 MiB/s (read)
[DLManager] INFO: = Progress: 13.29% (319/2401), Running for 00:00:18, ETA: 00:01:57
[DLManager] INFO:  - Downloaded: 243.65 MiB, Written: 249.80 MiB
[DLManager] INFO:  - Cache usage: 49.00 MiB, active tasks: 32
[DLManager] INFO:  + Download	- 11.98 MiB/s (raw) / 11.98 MiB/s (decompressed)
[DLManager] INFO:  + Disk	- 9.99 MiB/s (write) / 0.00 MiB/s (read)
[DLManager] INFO: = Progress: 13.83% (332/2401), Running for 00:00:19, ETA: 00:01:58
[DLManager] INFO:  - Downloaded: 255.49 MiB, Written: 262.80 MiB
[DLManager] INFO:  - Cache usage: 48.00 MiB, active tasks: 32
[DLManager] INFO:  + Download	- 11.82 MiB/s (raw) / 11.98 MiB/s (decompressed)
[DLManager] INFO:  + Disk	- 12.98 MiB/s (write) / 0.00 MiB/s (read)
[DLManager] INFO: = Progress: 13.91% (334/2401), Running for 00:00:20, ETA: 00:02:03
[DLManager] INFO:  - Downloaded: 269.47 MiB, Written: 264.80 MiB
[DLManager] INFO:  - Cache usage: 60.00 MiB, active tasks: 32
[DLManager] INFO:  + Download	- 13.98 MiB/s (raw) / 13.99 MiB/s (decompressed)
[DLManager] INFO:  + Disk	- 2.00 MiB/s (write) / 0.00 MiB/s (read)
[DLManager] INFO: = Progress: 13.91% (334/2401), Running for 00:00:21, ETA: 00:02:10
[DLManager] INFO:  - Downloaded: 286.46 MiB, Written: 264.80 MiB
[DLManager] INFO:  - Cache usage: 77.00 MiB, active tasks: 32
[DLManager] INFO:  + Download	- 16.96 MiB/s (raw) / 16.98 MiB/s (decompressed)
[DLManager] INFO:  + Disk	- 0.00 MiB/s (write) / 0.00 MiB/s (read)
[DLManager] INFO: = Progress: 13.91% (334/2401), Running for 00:00:22, ETA: 00:02:16
[DLManager] INFO:  - Downloaded: 300.99 MiB, Written: 264.80 MiB
[DLManager] INFO:  - Cache usage: 92.00 MiB, active tasks: 32
[DLManager] INFO:  + Download	- 14.51 MiB/s (raw) / 14.98 MiB/s (decompressed)
[DLManager] INFO:  + Disk	- 0.00 MiB/s (write) / 0.00 MiB/s (read)
[DLManager] INFO: = Progress: 13.91% (334/2401), Running for 00:00:23, ETA: 00:02:22
[DLManager] INFO:  - Downloaded: 315.95 MiB, Written: 264.80 MiB
[DLManager] INFO:  - Cache usage: 107.00 MiB, active tasks: 32
[DLManager] INFO:  + Download	- 14.94 MiB/s (raw) / 14.98 MiB/s (decompressed)
[DLManager] INFO:  + Disk	- 0.00 MiB/s (write) / 0.00 MiB/s (read)
[DLManager] INFO: = Progress: 16.83% (404/2401), Running for 00:00:24, ETA: 00:01:58
[DLManager] INFO:  - Downloaded: 326.94 MiB, Written: 334.80 MiB
[DLManager] INFO:  - Cache usage: 48.00 MiB, active tasks: 32
[DLManager] INFO:  + Download	- 10.97 MiB/s (raw) / 10.98 MiB/s (decompressed)
[DLManager] INFO:  + Disk	- 69.90 MiB/s (write) / 0.00 MiB/s (read)
[DLManager] INFO: = Progress: 17.45% (419/2401), Running for 00:00:25, ETA: 00:01:58
[DLManager] INFO:  - Downloaded: 341.93 MiB, Written: 349.80 MiB
[DLManager] INFO:  - Cache usage: 48.00 MiB, active tasks: 32
[DLManager] INFO:  + Download	- 14.98 MiB/s (raw) / 14.99 MiB/s (decompressed)
[DLManager] INFO:  + Disk	- 14.99 MiB/s (write) / 0.00 MiB/s (read)
[DLManager] INFO: = Progress: 17.70% (425/2401), Running for 00:00:26, ETA: 00:02:01
[DLManager] INFO:  - Downloaded: 354.92 MiB, Written: 355.80 MiB
[DLManager] INFO:  - Cache usage: 55.00 MiB, active tasks: 32
[DLManager] INFO:  + Download	- 12.97 MiB/s (raw) / 12.98 MiB/s (decompressed)
[DLManager] INFO:  + Disk	- 5.99 MiB/s (write) / 0.00 MiB/s (read)
[DLManager] INFO: = Progress: 18.62% (447/2401), Running for 00:00:27, ETA: 00:01:58
[DLManager] INFO:  - Downloaded: 367.91 MiB, Written: 376.87 MiB
[DLManager] INFO:  - Cache usage: 46.00 MiB, active tasks: 32
[DLManager] INFO:  + Download	- 12.97 MiB/s (raw) / 12.98 MiB/s (decompressed)
[DLManager] INFO:  + Disk	- 21.04 MiB/s (write) / 0.00 MiB/s (read)
[DLManager] INFO: = Progress: 19.24% (462/2401), Running for 00:00:28, ETA: 00:01:57
[DLManager] INFO:  - Downloaded: 382.82 MiB, Written: 391.05 MiB
[DLManager] INFO:  - Cache usage: 47.00 MiB, active tasks: 32
[DLManager] INFO:  + Download	- 14.89 MiB/s (raw) / 14.98 MiB/s (decompressed)
[DLManager] INFO:  + Disk	- 14.15 MiB/s (write) / 0.00 MiB/s (read)
[DLManager] INFO: = Progress: 19.78% (475/2401), Running for 00:00:29, ETA: 00:01:57
[DLManager] INFO:  - Downloaded: 397.79 MiB, Written: 404.05 MiB
[DLManager] INFO:  - Cache usage: 49.00 MiB, active tasks: 32
[DLManager] INFO:  + Download	- 14.94 MiB/s (raw) / 14.98 MiB/s (decompressed)
[DLManager] INFO:  + Disk	- 12.98 MiB/s (write) / 0.00 MiB/s (read)
[DLManager] INFO: = Progress: 20.57% (494/2401), Running for 00:00:30, ETA: 00:01:55
[DLManager] INFO:  - Downloaded: 412.41 MiB, Written: 423.05 MiB
[DLManager] INFO:  - Cache usage: 45.00 MiB, active tasks: 32
[DLManager] INFO:  + Download	- 14.62 MiB/s (raw) / 14.99 MiB/s (decompressed)
[DLManager] INFO:  + Disk	- 18.99 MiB/s (write) / 0.00 MiB/s (read)
[DLManager] INFO: = Progress: 20.74% (498/2401), Running for 00:00:31, ETA: 00:01:58
[DLManager] INFO:  - Downloaded: 428.41 MiB, Written: 427.05 MiB
[DLManager] INFO:  - Cache usage: 57.00 MiB, active tasks: 32
[DLManager] INFO:  + Download	- 15.97 MiB/s (raw) / 15.98 MiB/s (decompressed)
[DLManager] INFO:  + Disk	- 3.99 MiB/s (write) / 0.00 MiB/s (read)
[DLManager] INFO: = Progress: 21.37% (513/2401), Running for 00:00:32, ETA: 00:01:57
[DLManager] INFO:  - Downloaded: 441.33 MiB, Written: 442.05 MiB
[DLManager] INFO:  - Cache usage: 55.00 MiB, active tasks: 32
[DLManager] INFO:  + Download	- 12.90 MiB/s (raw) / 12.98 MiB/s (decompressed)
[DLManager] INFO:  + Disk	- 14.98 MiB/s (write) / 0.00 MiB/s (read)
[DLManager] INFO: = Progress: 22.24% (534/2401), Running for 00:00:33, ETA: 00:01:55
[DLManager] INFO:  - Downloaded: 455.33 MiB, Written: 463.05 MiB
[DLManager] INFO:  - Cache usage: 48.00 MiB, active tasks: 32
[DLManager] INFO:  + Download	- 13.97 MiB/s (raw) / 13.98 MiB/s (decompressed)
[DLManager] INFO:  + Disk	- 20.97 MiB/s (write) / 0.00 MiB/s (read)
[DLManager] INFO: = Progress: 22.95% (551/2401), Running for 00:00:34, ETA: 00:01:54
[DLManager] INFO:  - Downloaded: 472.04 MiB, Written: 480.05 MiB
[DLManager] INFO:  - Cache usage: 49.00 MiB, active tasks: 32
[DLManager] INFO:  + Download	- 16.69 MiB/s (raw) / 17.97 MiB/s (decompressed)
[DLManager] INFO:  + Disk	- 16.98 MiB/s (write) / 0.00 MiB/s (read)
[DLManager] INFO: = Progress: 23.49% (564/2401), Running for 00:00:35, ETA: 00:01:54
[DLManager] INFO:  - Downloaded: 485.77 MiB, Written: 491.12 MiB
[DLManager] INFO:  - Cache usage: 52.00 MiB, active tasks: 32
[DLManager] INFO:  + Download	- 13.72 MiB/s (raw) / 13.99 MiB/s (decompressed)
[DLManager] INFO:  + Disk	- 11.06 MiB/s (write) / 0.00 MiB/s (read)
[DLManager] INFO: = Progress: 24.57% (590/2401), Running for 00:00:36, ETA: 00:01:50
[DLManager] INFO:  - Downloaded: 498.74 MiB, Written: 514.37 MiB
[DLManager] INFO:  - Cache usage: 42.00 MiB, active tasks: 32
[DLManager] INFO:  + Download	- 12.94 MiB/s (raw) / 12.98 MiB/s (decompressed)
[DLManager] INFO:  + Disk	- 23.21 MiB/s (write) / 0.00 MiB/s (read)
[DLManager] INFO: = Progress: 25.28% (607/2401), Running for 00:00:37, ETA: 00:01:49
[DLManager] INFO:  - Downloaded: 512.70 MiB, Written: 528.76 MiB
[DLManager] INFO:  - Cache usage: 42.00 MiB, active tasks: 32
[DLManager] INFO:  + Download	- 13.94 MiB/s (raw) / 13.98 MiB/s (decompressed)
[DLManager] INFO:  + Disk	- 14.38 MiB/s (write) / 0.00 MiB/s (read)
[DLManager] INFO: = Progress: 25.99% (624/2401), Running for 00:00:38, ETA: 00:01:48
[DLManager] INFO:  - Downloaded: 523.65 MiB, Written: 543.83 MiB
[DLManager] INFO:  - Cache usage: 38.00 MiB, active tasks: 32
[DLManager] INFO:  + Download	- 10.93 MiB/s (raw) / 10.99 MiB/s (decompressed)
[DLManager] INFO:  + Disk	- 15.04 MiB/s (write) / 0.00 MiB/s (read)
[DLManager] INFO: = Progress: 26.82% (644/2401), Running for 00:00:39, ETA: 00:01:46
[DLManager] INFO:  - Downloaded: 538.60 MiB, Written: 562.87 MiB
[DLManager] INFO:  - Cache usage: 34.00 MiB, active tasks: 32
[DLManager] INFO:  + Download	- 14.94 MiB/s (raw) / 14.98 MiB/s (decompressed)
[DLManager] INFO:  + Disk	- 19.02 MiB/s (write) / 0.00 MiB/s (read)
[DLManager] INFO: = Progress: 27.20% (653/2401), Running for 00:00:40, ETA: 00:01:47
[DLManager] INFO:  - Downloaded: 551.58 MiB, Written: 570.00 MiB
[DLManager] INFO:  - Cache usage: 39.00 MiB, active tasks: 32
[DLManager] INFO:  + Download	- 12.97 MiB/s (raw) / 12.99 MiB/s (decompressed)
[DLManager] INFO:  + Disk	- 7.13 MiB/s (write) / 0.00 MiB/s (read)
[DLManager] INFO: = Progress: 28.03% (673/2401), Running for 00:00:41, ETA: 00:01:45
[DLManager] INFO:  - Downloaded: 564.50 MiB, Written: 586.42 MiB
[DLManager] INFO:  - Cache usage: 36.00 MiB, active tasks: 32
[DLManager] INFO:  + Download	- 12.91 MiB/s (raw) / 12.98 MiB/s (decompressed)
[DLManager] INFO:  + Disk	- 16.40 MiB/s (write) / 0.00 MiB/s (read)
[DLManager] INFO: = Progress: 28.78% (691/2401), Running for 00:00:42, ETA: 00:01:44
[DLManager] INFO:  - Downloaded: 578.47 MiB, Written: 602.58 MiB
[DLManager] INFO:  - Cache usage: 34.00 MiB, active tasks: 32
[DLManager] INFO:  + Download	- 13.94 MiB/s (raw) / 13.98 MiB/s (decompressed)
[DLManager] INFO:  + Disk	- 16.14 MiB/s (write) / 0.00 MiB/s (read)
[DLManager] INFO: = Progress: 28.90% (694/2401), Running for 00:00:43, ETA: 00:01:45
[DLManager] INFO:  - Downloaded: 591.40 MiB, Written: 605.58 MiB
[DLManager] INFO:  - Cache usage: 44.00 MiB, active tasks: 32
[DLManager] INFO:  + Download	- 12.91 MiB/s (raw) / 12.98 MiB/s (decompressed)
[DLManager] INFO:  + Disk	- 3.00 MiB/s (write) / 0.00 MiB/s (read)
[DLManager] INFO: = Progress: 29.99% (720/2401), Running for 00:00:44, ETA: 00:01:42
[DLManager] INFO:  - Downloaded: 605.20 MiB, Written: 628.56 MiB
[DLManager] INFO:  - Cache usage: 35.00 MiB, active tasks: 32
[DLManager] INFO:  + Download	- 13.79 MiB/s (raw) / 13.98 MiB/s (decompressed)
[DLManager] INFO:  + Disk	- 22.95 MiB/s (write) / 0.00 MiB/s (read)
[DLManager] INFO: = Progress: 31.70% (761/2401), Running for 00:00:45, ETA: 00:01:37
[DLManager] INFO:  - Downloaded: 626.36 MiB, Written: 656.62 MiB
[DLManager] INFO:  - Cache usage: 35.00 MiB, active tasks: 32
[DLManager] INFO:  + Download	- 21.14 MiB/s (raw) / 27.97 MiB/s (decompressed)
[DLManager] INFO:  + Disk	- 28.04 MiB/s (write) / 0.00 MiB/s (read)
[DLManager] INFO: = Progress: 36.36% (873/2401), Running for 00:00:46, ETA: 00:01:20
[DLManager] INFO:  - Downloaded: 637.22 MiB, Written: 677.62 MiB
[DLManager] INFO:  - Cache usage: 40.00 MiB, active tasks: 32
[DLManager] INFO:  + Download	- 10.84 MiB/s (raw) / 25.96 MiB/s (decompressed)
[DLManager] INFO:  + Disk	- 20.97 MiB/s (write) / 0.00 MiB/s (read)
[DLManager] INFO: = Progress: 38.78% (931/2401), Running for 00:00:47, ETA: 00:01:14
[DLManager] INFO:  - Downloaded: 649.77 MiB, Written: 712.26 MiB
[DLManager] INFO:  - Cache usage: 36.00 MiB, active tasks: 32
[DLManager] INFO:  + Download	- 12.53 MiB/s (raw) / 30.96 MiB/s (decompressed)
[DLManager] INFO:  + Disk	- 34.60 MiB/s (write) / 0.00 MiB/s (read)
[DLManager] INFO: = Progress: 40.15% (964/2401), Running for 00:00:48, ETA: 00:01:11
[DLManager] INFO:  - Downloaded: 662.36 MiB, Written: 740.26 MiB
[DLManager] INFO:  - Cache usage: 39.00 MiB, active tasks: 32
[DLManager] INFO:  + Download	- 12.57 MiB/s (raw) / 30.95 MiB/s (decompressed)
[DLManager] INFO:  + Disk	- 27.96 MiB/s (write) / 0.00 MiB/s (read)
[DLManager] INFO: = Progress: 42.65% (1024/2401), Running for 00:00:49, ETA: 00:01:05
[DLManager] INFO:  - Downloaded: 677.85 MiB, Written: 782.26 MiB
[DLManager] INFO:  - Cache usage: 36.00 MiB, active tasks: 32
[DLManager] INFO:  + Download	- 15.47 MiB/s (raw) / 38.94 MiB/s (decompressed)
[DLManager] INFO:  + Disk	- 41.94 MiB/s (write) / 0.00 MiB/s (read)
[DLManager] INFO: = Progress: 44.77% (1075/2401), Running for 00:00:50, ETA: 00:01:01
[DLManager] INFO:  - Downloaded: 690.53 MiB, Written: 815.49 MiB
[DLManager] INFO:  - Cache usage: 40.00 MiB, active tasks: 32
[DLManager] INFO:  + Download	- 12.67 MiB/s (raw) / 36.97 MiB/s (decompressed)
[DLManager] INFO:  + Disk	- 33.20 MiB/s (write) / 0.00 MiB/s (read)
[DLManager] INFO: = Progress: 47.31% (1136/2401), Running for 00:00:51, ETA: 00:00:56
[DLManager] INFO:  - Downloaded: 702.19 MiB, Written: 845.65 MiB
[DLManager] INFO:  - Cache usage: 41.00 MiB, active tasks: 32
[DLManager] INFO:  + Download	- 11.65 MiB/s (raw) / 30.96 MiB/s (decompressed)
[DLManager] INFO:  + Disk	- 30.11 MiB/s (write) / 0.00 MiB/s (read)
[DLManager] INFO: = Progress: 49.06% (1178/2401), Running for 00:00:52, ETA: 00:00:54
[DLManager] INFO:  - Downloaded: 715.81 MiB, Written: 876.65 MiB
[DLManager] INFO:  - Cache usage: 39.00 MiB, active tasks: 32
[DLManager] INFO:  + Download	- 13.59 MiB/s (raw) / 28.95 MiB/s (decompressed)
[DLManager] INFO:  + Disk	- 30.95 MiB/s (write) / 0.00 MiB/s (read)
[DLManager] INFO: = Progress: 51.56% (1238/2401), Running for 00:00:53, ETA: 00:00:49
[DLManager] INFO:  - Downloaded: 729.00 MiB, Written: 909.81 MiB
[DLManager] INFO:  - Cache usage: 36.00 MiB, active tasks: 32
[DLManager] INFO:  + Download	- 13.17 MiB/s (raw) / 29.95 MiB/s (decompressed)
[DLManager] INFO:  + Disk	- 33.11 MiB/s (write) / 0.00 MiB/s (read)
[DLManager] INFO: = Progress: 53.64% (1288/2401), Running for 00:00:54, ETA: 00:00:46
[DLManager] INFO:  - Downloaded: 744.12 MiB, Written: 947.81 MiB
[DLManager] INFO:  - Cache usage: 34.00 MiB, active tasks: 32
[DLManager] INFO:  + Download	- 15.10 MiB/s (raw) / 35.94 MiB/s (decompressed)
[DLManager] INFO:  + Disk	- 37.94 MiB/s (write) / 0.00 MiB/s (read)
[DLManager] INFO: = Progress: 55.89% (1342/2401), Running for 00:00:55, ETA: 00:00:43
[DLManager] INFO:  - Downloaded: 759.11 MiB, Written: 970.28 MiB
[DLManager] INFO:  - Cache usage: 40.00 MiB, active tasks: 32
[DLManager] INFO:  + Download	- 14.96 MiB/s (raw) / 28.96 MiB/s (decompressed)
[DLManager] INFO:  + Disk	- 22.44 MiB/s (write) / 0.00 MiB/s (read)
[DLManager] INFO: = Progress: 57.52% (1381/2401), Running for 00:00:56, ETA: 00:00:41
[DLManager] INFO:  - Downloaded: 772.03 MiB, Written: 995.15 MiB
[DLManager] INFO:  - Cache usage: 42.00 MiB, active tasks: 32
[DLManager] INFO:  + Download	- 12.90 MiB/s (raw) / 26.95 MiB/s (decompressed)
[DLManager] INFO:  + Disk	- 24.82 MiB/s (write) / 0.00 MiB/s (read)
[DLManager] INFO: = Progress: 82.97% (1992/2401), Running for 00:00:57, ETA: 00:00:11
[DLManager] INFO:  - Downloaded: 783.28 MiB, Written: 1030.11 MiB
[DLManager] INFO:  - Cache usage: 35.00 MiB, active tasks: 32
[DLManager] INFO:  + Download	- 11.24 MiB/s (raw) / 27.98 MiB/s (decompressed)
[DLManager] INFO:  + Disk	- 34.94 MiB/s (write) / 0.00 MiB/s (read)
[DLManager] INFO: = Progress: 90.75% (2179/2401), Running for 00:00:58, ETA: 00:00:05
[DLManager] INFO:  - Downloaded: 795.71 MiB, Written: 1050.25 MiB
[DLManager] INFO:  - Cache usage: 44.00 MiB, active tasks: 32
[DLManager] INFO:  + Download	- 12.41 MiB/s (raw) / 29.96 MiB/s (decompressed)
[DLManager] INFO:  + Disk	- 20.12 MiB/s (write) / 0.00 MiB/s (read)
[DLManager] INFO: = Progress: 95.38% (2290/2401), Running for 00:00:59, ETA: 00:00:02
[DLManager] INFO:  - Downloaded: 807.78 MiB, Written: 1091.73 MiB
[DLManager] INFO:  - Cache usage: 27.00 MiB, active tasks: 25
[DLManager] INFO:  + Download	- 12.05 MiB/s (raw) / 30.96 MiB/s (decompressed)
[DLManager] INFO:  + Disk	- 41.42 MiB/s (write) / 0.00 MiB/s (read)
[DLManager] INFO: = Progress: 100.00% (2401/2401), Running for 00:01:00, ETA: 00:00:00
[DLManager] INFO:  - Downloaded: 817.36 MiB, Written: 1117.07 MiB
[DLManager] INFO:  - Cache usage: 0.00 MiB, active tasks: 0
[DLManager] INFO:  + Download	- 9.57 MiB/s (raw) / 24.99 MiB/s (decompressed)
[DLManager] INFO:  + Disk	- 25.32 MiB/s (write) / 0.00 MiB/s (read)
[DLManager] INFO: Waiting for installation to finish...
[DLManager] INFO: All done! Download manager quitting...
[cli] INFO: This game supports cloud saves, syncing is handled by the "sync-saves" command. To download saves for this game run "legendary sync-saves Salt"
[cli] INFO: Finished installation process in 61.17 seconds.

This game may require additional setup, see: https://github.com/CommandMC/EpicLinux/wiki/Celeste


Legendary update available!
- New version: 0.20.32 - "Dark Energy (hotfix #6)"
- Release summary:
 [!] Fixes installing games that specify invalid install directories (e.g. Kerbal Space Program)
 [*] More gracefully handles account errors
See full changelog for additional details.
- Release URL: https://legendary.gl/release/0.20.32

- Download URL: https://legendary.gl/release/download/0.20.32/legendary
[1/29/2023, 10:00:53 PM] /opt/heroic/resources/app.asar.unpacked/build/bin/linux/legendary eos-overlay info --prefix /home/goldrn/Games/Heroic/Prefixes/Celeste/pfx
[cli] ERROR: Prefix "/home/goldrn/Games/Heroic/Prefixes/Celeste/pfx" does not exist.
[1/29/2023, 10:00:58 PM] /opt/heroic/resources/app.asar.unpacked/build/bin/linux/legendary launch Salt --json --offline
{"game_parameters": [], "game_executable": "Celeste.exe", "game_directory": "/home/goldrn/Games/Heroic/Celeste", "egl_parameters": ["-AUTH_LOGIN=unused", "-AUTH_PASSWORD=", "-AUTH_TYPE=exchangecode", "-epicapp=Salt", "-epicenv=Prod", "-EpicPortal", "-epicusername=Goldrn_", "-epicuserid=9b71816f09694876a690651063b446f0", "-epiclocale=en", "-epicsandboxid=b671fbc7be424e888c9346a9a6d3d9db"], "launch_command": ["wine"], "working_directory": "/home/goldrn/Games/Heroic/Celeste", "user_parameters": [], "environment": {}, "pre_launch_command": "", "pre_launch_wait": false}
[1/29/2023, 10:00:58 PM] LD_PRELOAD= STEAM_COMPAT_CLIENT_INSTALL_PATH=/home/goldrn/.steam/steam STEAM_COMPAT_DATA_PATH=/home/goldrn/Games/Heroic/Prefixes/Celeste PROTON_NO_ESYNC=1 PROTON_NO_FSYNC=1 STEAM_COMPAT_APP_ID=0 SteamAppId=0 SteamGameId=heroic-Celeste PROTON_LOG_DIR=/home/goldrn /opt/heroic/resources/app.asar.unpacked/build/bin/linux/legendary launch Salt --language en --no-wine --wrapper "'/home/goldrn/.local/share/Steam/steamapps/common/Proton - Experimental/proton' run"
[cli] INFO: Logging in...
[Core] INFO: Trying to re-use existing login session...
[cli] INFO: Checking for updates...
[Core] INFO: Getting authentication token...
[cli] INFO: Launching Salt...

Legendary update available!
- New version: 0.20.32 - "Dark Energy (hotfix #6)"
- Release summary:
 [!] Fixes installing games that specify invalid install directories (e.g. Kerbal Space Program)
 [*] More gracefully handles account errors
See full changelog for additional details.
- Release URL: https://legendary.gl/release/0.20.32

- Download URL: https://legendary.gl/release/download/0.20.32/legendary
[S_API] SteamAPI_Init(): SteamAPI_IsSteamRunning() did not locate a running instance of Steam.
[S_API FAIL] SteamAPI_Init() failed
Controller 0: PS5 Controller
CELESTE : 1.4.0.0
FNA3D Driver: D3D11
D3D11 Adapter: NVIDIA GeForce GTX 1660 Ti
BEGIN LOAD
 - GFX LOAD: 828ms
 - MTN LOAD: 433ms
FULLSCREEN
GAME DISPLAYED (in 1424ms)
 - AUDIO LOAD: 490ms
 - GFX DATA LOAD: 64ms
 - MTN DATA LOAD: 70ms
 - DIA/FONT LOAD: 85ms
 - LEVELS LOAD: 471ms
DONE LOADING (in 2749ms)

=================================================================
	Native Crash Reporting
=================================================================
Got a UNKNOWN while executing native code. This usually indicates
a fatal error in the mono runtime or one of the native libraries 
used by your application.
=================================================================

=================================================================
	Managed Stacktrace:
=================================================================
	  at <unknown> <0xffffffff>
	  at Microsoft.Xna.Framework.Graphics.FNA3D:FNA3D_AddDisposeEffect <0x00012>
	  at Microsoft.Xna.Framework.Graphics.Effect:Dispose <0x0007b>
	  at Microsoft.Xna.Framework.Graphics.GraphicsResource:Dispose <0x0002b>
	  at Microsoft.Xna.Framework.Content.ContentManager:Unload <0x00081>
	  at Microsoft.Xna.Framework.Content.ContentManager:Dispose <0x00033>
	  at Microsoft.Xna.Framework.Content.ContentManager:Dispose <0x0002b>
	  at Microsoft.Xna.Framework.Game:Dispose <0x00103>
	  at Microsoft.Xna.Framework.Game:Dispose <0x0002b>
	  at Celeste.Celeste:Main <0x003fb>
	  at <Module>:runtime_invoke_void_object <0x0006c>
=================================================================
wine: Unhandled page fault on read access to 00000000 at address 6BB0AA6C (thread 0140), starting debugger...
Unhandled exception: page fault on read access to 0x00000000 in 32-bit code (0x6bb0aa6c).
Register dump:
 CS:0023 SS:002b DS:002b ES:002b FS:0063 GS:006b
 EIP:6bb0aa6c ESP:0087f660 EBP:00000004 EFLAGS:00210206(  R- --  I   - -P- )
 EAX:00000000 EBX:04e1d1d8 ECX:00000004 EDX:04e06938
 ESI:00000001 EDI:00000018
Stack dump:
0x0087f660:  04e1d270 04e04520 04e04520 6bb08740
0x0087f670:  6bb08740 04e04520 04e198b8 6bb04e1a
0x0087f680:  04e1d1d8 04e04520 04e04520 00b50030
0x0087f690:  00000078 00000007 04e19b5c 00000002
0x0087f6a0:  04e04520 04e19788 0087f728 04e04520
0x0087f6b0:  04e19788 04e1e1d0 0087f728 6bac34ab
Backtrace:
=>0 0x6bb0aa6c in fna3d (+0x4aa6c) (0x00000004)
0x6bb0aa6c fna3d+0x4aa6c: movl	0x0(%eax),%edx
Modules:
Module	Address			Debug info	Name (70 modules)
PE	001f0000-001f8000	Deferred        api-ms-win-crt-heap-l1-1-0
PE	00400000-0067a000	Deferred        celeste
PE	00df0000-0172a000	Deferred        shell32
PE	01f20000-01fe8000	Deferred        winmm
PE	01ff0000-01ff8000	Deferred        api-ms-win-crt-utility-l1-1-0
PE	03830000-03cac000	Deferred        mscorlib
PE	043c0000-04484000	Deferred        fna
PE	04490000-04754000	Deferred        system
PE	04760000-04870000	Deferred        system.core
PE	04870000-049b9000	Deferred        sdl2
PE	065d0000-065e0000	Deferred        i18n
PE	065e0000-065fa000	Deferred        i18n.west
PE	06620000-069d9000	Deferred        d3d11
PE	0eac0000-0edce000	Deferred        system.xml
PE	10000000-103ee000	Deferred        libmono-2.0-x86
PE	154f0000-15516000	Deferred        system.configuration
PE	15ad0000-15be5000	Deferred        fmodstudio
PE	15bf0000-15da7000	Deferred        fmod
PE	61740000-61784000	Deferred        advapi32
PE	61f00000-61f09000	Deferred        api-ms-win-crt-convert-l1-1-0
PE	61f80000-61f8b000	Deferred        api-ms-win-crt-math-l1-1-0
PE	62d40000-62d47000	Deferred        api-ms-win-crt-environment-l1-1-0
PE	62fc0000-6304e000	Deferred        rpcrt4
PE	63480000-6348d000	Deferred        version
PE	63740000-63749000	Deferred        api-ms-win-crt-runtime-l1-1-0
PE	63bc0000-63bda000	Deferred        shcore
PE	64a40000-64a94000	Deferred        shlwapi
PE	64dc0000-64dc8000	Deferred        api-ms-win-crt-conio-l1-1-0
PE	64ec0000-64fef000	Deferred        oleaut32
PE	65d40000-65d48000	Deferred        api-ms-win-crt-filesystem-l1-1-0
PE	66240000-66258000	Deferred        bcrypt
PE	66600000-66607000	Deferred        api-ms-win-crt-locale-l1-1-0
PE	666c0000-666cf000	Deferred        hid
PE	669c0000-66a23000	Deferred        msctfp
PE	66b00000-66b3e000	Deferred        win32u
PE	67840000-6786e000	Deferred        winepulse
PE	67c40000-67c80000	Deferred        mscoree
PE	67d40000-67d6c000	Deferred        mmdevapi
PE	682c0000-682f0000	Deferred        winevulkan
PE	68500000-6855a000	Deferred        combase
PE	69540000-6958f000	Deferred        dinput8
PE	69ac0000-69acd000	Deferred        vulkan-1
PE	69d80000-69dd4000	Deferred        d3dcompiler_47
PE	6a040000-6a062000	Deferred        msacm32
PE	6a280000-6a32e000	Deferred        msvcrt
PE	6a400000-6a533000	Deferred        ole32
PE	6a880000-6a893000	Deferred        xinput1_4
PE	6b0c0000-6b0c7000	Deferred        api-ms-win-crt-process-l1-1-0
PE	6b7c0000-6b7c9000	Deferred        api-ms-win-crt-stdio-l1-1-0
PE	6bac0000-6bb5d000	Export          fna3d
PE	6bc00000-6bc2c000	Deferred        sechost
PE	6bcc0000-6bd41000	Deferred        setupapi
PE	6c9c0000-6ca46000	Deferred        gdi32
PE	6cc40000-6cd9f000	Deferred        comctl32
PE	6cf40000-6cf47000	Deferred        api-ms-win-crt-time-l1-1-0
PE	6d640000-6d656000	Deferred        fusion
PE	6d780000-6d7a9000	Deferred        ws2_32
PE	6df80000-6e018000	Deferred        libvkd3d-shader-1
PE	6ed00000-6ef41000	Deferred        user32
PE	6f400000-6f672000	Deferred        dxgi
PE	6f900000-6f93c000	Deferred        msctf
PE	6fa80000-6faea000	Deferred        dbghelp
PE	6ff00000-6ff09000	Deferred        api-ms-win-crt-string-l1-1-0
PE	702c0000-702d7000	Deferred        api-ms-win-crt-private-l1-1-0
PE	70b40000-70c1c000	Deferred        ucrtbase
PE	71200000-7121c000	Deferred        imm32
PE	7b000000-7b0ee000	Deferred        kernelbase
PE	7b600000-7b81b000	Deferred        kernel32
PE	7bc00000-7bca9000	Deferred        ntdll
PE	f7260000-f7264000	Deferred        winex11
Threads:
process  tid      prio (all id:s are in hex)
00000020 steam.exe
	00000024    0
	0000012c    0
	00000138    0
00000030 services.exe
	00000034    0
	00000038    0
	00000044    0
	00000064    0
	0000009c    0
	000000b4    0
	000000f4    0
0000003c winedevice.exe
	00000040    0
	0000004c    0
	00000050    0
	00000054    0
	00000058    0
	000000c0    0
0000005c winedevice.exe
	00000060    0
	00000068    0
	0000006c    0
	00000070    0
	00000074    0
	00000078    0
	0000007c    0
	00000084    0
	00000088    0
0000008c plugplay.exe
	00000090    0
	000000a0    0
	000000a4    0
	000000a8    0
	00000154    0
	00000158    0
00000094 steam.exe
	00000098    0
	00000130    0
	00000144    0
000000ac svchost.exe
	000000b0    0
	000000b8    0
	000000bc    0
000000c4 explorer.exe
	000000c8    0
	000000d4    0
	000000dc    0
000000ec rpcss.exe
	000000f0    0
	000000fc    0
	00000100    0
	00000104    0
	00000108    0
	0000010c    0
00000114 tabtip.exe
	00000118    0
	00000128    0
	00000134    0
0000013c (D) Z:\home\goldrn\Games\Heroic\Celeste\Celeste.exe
	00000140    0 <==
	00000148    0
	0000014c    0
	00000150    0
	0000015c    0
	00000160    2
	00000170    0
	00000174    0
	00000178    0
	0000017c   -2
	00000180   -2
	00000184   -2
	00000188   -2
	0000018c   -2
	00000190   -2
	00000194   -2
	00000198   -2
	0000019c   -2
	000001a0   -2
	000001a4   -2
	000001a8   -2
	000001ac   -2
	000001b0   -2
	000001b4   -2
	000001b8   -2
	000001d8    0
	000001dc    0
	000001e8    0
	000001f4    0
	000001f8   15
	000001fc   15
	00000200    2
	00000204   15
	00000208    0
	0000020c    0
	00000210    0
	0000022c    1
	00000230    1
	00000268    0
000001bc steam.exe
	000001c0    0
	000001c4    0
	000001c8    0
000001cc steam.exe
	000001d0    0
	000001d4    0
	000001e0    0
000001ec steam.exe
	000001f0    0
	00000214    0
	00000220    0
00000218 steam.exe
	0000021c    0
	00000224    0
	00000228    0
System information:
    Wine build: wine-7.0
    Platform: i386 (WOW64)
    Version: Windows 10
    Host system: Linux
    Host version: 6.1.7-arch1-1
[1/29/2023, 10:02:05 PM] /opt/heroic/resources/app.asar.unpacked/build/bin/linux/legendary launch Salt --json --offline
[1/29/2023, 10:02:05 PM] /opt/heroic/resources/app.asar.unpacked/build/bin/linux/legendary launch Salt --json --offline
[1/29/2023, 10:02:05 PM] /opt/heroic/resources/app.asar.unpacked/build/bin/linux/legendary launch Salt --json --offline
[1/29/2023, 10:02:05 PM] /opt/heroic/resources/app.asar.unpacked/build/bin/linux/legendary launch Salt --json --offline
{"game_parameters": [], "game_executable": "Celeste.exe", "game_directory": "/home/goldrn/Games/Heroic/Celeste", "egl_parameters": ["-AUTH_LOGIN=unused", "-AUTH_PASSWORD=", "-AUTH_TYPE=exchangecode", "-epicapp=Salt", "-epicenv=Prod", "-EpicPortal", "-epicusername=Goldrn_", "-epicuserid=9b71816f09694876a690651063b446f0", "-epiclocale=en", "-epicsandboxid=b671fbc7be424e888c9346a9a6d3d9db"], "launch_command": ["wine"], "working_directory": "/home/goldrn/Games/Heroic/Celeste", "user_parameters": [], "environment": {}, "pre_launch_command": "", "pre_launch_wait": false}
{"game_parameters": [], "game_executable": "Celeste.exe", "game_directory": "/home/goldrn/Games/Heroic/Celeste", "egl_parameters": ["-AUTH_LOGIN=unused", "-AUTH_PASSWORD=", "-AUTH_TYPE=exchangecode", "-epicapp=Salt", "-epicenv=Prod", "-EpicPortal", "-epicusername=Goldrn_", "-epicuserid=9b71816f09694876a690651063b446f0", "-epiclocale=en", "-epicsandboxid=b671fbc7be424e888c9346a9a6d3d9db"], "launch_command": ["wine"], "working_directory": "/home/goldrn/Games/Heroic/Celeste", "user_parameters": [], "environment": {}, "pre_launch_command": "", "pre_launch_wait": false}
{"game_parameters": [], "game_executable": "Celeste.exe", "game_directory": "/home/goldrn/Games/Heroic/Celeste", "egl_parameters": ["-AUTH_LOGIN=unused", "-AUTH_PASSWORD=", "-AUTH_TYPE=exchangecode", "-epicapp=Salt", "-epicenv=Prod", "-EpicPortal", "-epicusername=Goldrn_", "-epicuserid=9b71816f09694876a690651063b446f0", "-epiclocale=en", "-epicsandboxid=b671fbc7be424e888c9346a9a6d3d9db"], "launch_command": ["wine"], "working_directory": "/home/goldrn/Games/Heroic/Celeste", "user_parameters": [], "environment": {}, "pre_launch_command": "", "pre_launch_wait": false}
{"game_parameters": [], "game_executable": "Celeste.exe", "game_directory": "/home/goldrn/Games/Heroic/Celeste", "egl_parameters": ["-AUTH_LOGIN=unused", "-AUTH_PASSWORD=", "-AUTH_TYPE=exchangecode", "-epicapp=Salt", "-epicenv=Prod", "-EpicPortal", "-epicusername=Goldrn_", "-epicuserid=9b71816f09694876a690651063b446f0", "-epiclocale=en", "-epicsandboxid=b671fbc7be424e888c9346a9a6d3d9db"], "launch_command": ["wine"], "working_directory": "/home/goldrn/Games/Heroic/Celeste", "user_parameters": [], "environment": {}, "pre_launch_command": "", "pre_launch_wait": false}
[1/29/2023, 10:02:05 PM] LD_PRELOAD= STEAM_COMPAT_CLIENT_INSTALL_PATH=/home/goldrn/.steam/steam STEAM_COMPAT_DATA_PATH=/home/goldrn/Games/Heroic/Prefixes/Celeste PROTON_NO_ESYNC=1 PROTON_NO_FSYNC=1 STEAM_COMPAT_APP_ID=0 SteamAppId=0 SteamGameId=heroic-Celeste PROTON_LOG_DIR=/home/goldrn /opt/heroic/resources/app.asar.unpacked/build/bin/linux/legendary launch Salt --language en --no-wine --wrapper "'/home/goldrn/.local/share/Steam/steamapps/common/Proton - Experimental/proton' run"
[1/29/2023, 10:02:05 PM] LD_PRELOAD= STEAM_COMPAT_CLIENT_INSTALL_PATH=/home/goldrn/.steam/steam STEAM_COMPAT_DATA_PATH=/home/goldrn/Games/Heroic/Prefixes/Celeste PROTON_NO_ESYNC=1 PROTON_NO_FSYNC=1 STEAM_COMPAT_APP_ID=0 SteamAppId=0 SteamGameId=heroic-Celeste PROTON_LOG_DIR=/home/goldrn /opt/heroic/resources/app.asar.unpacked/build/bin/linux/legendary launch Salt --language en --no-wine --wrapper "'/home/goldrn/.local/share/Steam/steamapps/common/Proton - Experimental/proton' run"
[1/29/2023, 10:02:05 PM] LD_PRELOAD= STEAM_COMPAT_CLIENT_INSTALL_PATH=/home/goldrn/.steam/steam STEAM_COMPAT_DATA_PATH=/home/goldrn/Games/Heroic/Prefixes/Celeste PROTON_NO_ESYNC=1 PROTON_NO_FSYNC=1 STEAM_COMPAT_APP_ID=0 SteamAppId=0 SteamGameId=heroic-Celeste PROTON_LOG_DIR=/home/goldrn /opt/heroic/resources/app.asar.unpacked/build/bin/linux/legendary launch Salt --language en --no-wine --wrapper "'/home/goldrn/.local/share/Steam/steamapps/common/Proton - Experimental/proton' run"
[1/29/2023, 10:02:05 PM] LD_PRELOAD= STEAM_COMPAT_CLIENT_INSTALL_PATH=/home/goldrn/.steam/steam STEAM_COMPAT_DATA_PATH=/home/goldrn/Games/Heroic/Prefixes/Celeste PROTON_NO_ESYNC=1 PROTON_NO_FSYNC=1 STEAM_COMPAT_APP_ID=0 SteamAppId=0 SteamGameId=heroic-Celeste PROTON_LOG_DIR=/home/goldrn /opt/heroic/resources/app.asar.unpacked/build/bin/linux/legendary launch Salt --language en --no-wine --wrapper "'/home/goldrn/.local/share/Steam/steamapps/common/Proton - Experimental/proton' run"
[1/29/2023, 10:02:05 PM] /opt/heroic/resources/app.asar.unpacked/build/bin/linux/legendary launch Salt --json --offline
[cli] INFO: Logging in...
[Core] INFO: Trying to re-use existing login session...
[cli] INFO: Logging in...
[Core] INFO: Trying to re-use existing login session...
[cli] INFO: Logging in...
[Core] INFO: Trying to re-use existing login session...
[cli] INFO: Logging in...
[Core] INFO: Trying to re-use existing login session...
[cli] INFO: Checking for updates...
[cli] INFO: Checking for updates...
{"game_parameters": [], "game_executable": "Celeste.exe", "game_directory": "/home/goldrn/Games/Heroic/Celeste", "egl_parameters": ["-AUTH_LOGIN=unused", "-AUTH_PASSWORD=", "-AUTH_TYPE=exchangecode", "-epicapp=Salt", "-epicenv=Prod", "-EpicPortal", "-epicusername=Goldrn_", "-epicuserid=9b71816f09694876a690651063b446f0", "-epiclocale=en", "-epicsandboxid=b671fbc7be424e888c9346a9a6d3d9db"], "launch_command": ["wine"], "working_directory": "/home/goldrn/Games/Heroic/Celeste", "user_parameters": [], "environment": {}, "pre_launch_command": "", "pre_launch_wait": false}
[cli] INFO: Checking for updates...
[1/29/2023, 10:02:06 PM] LD_PRELOAD= STEAM_COMPAT_CLIENT_INSTALL_PATH=/home/goldrn/.steam/steam STEAM_COMPAT_DATA_PATH=/home/goldrn/Games/Heroic/Prefixes/Celeste PROTON_NO_ESYNC=1 PROTON_NO_FSYNC=1 STEAM_COMPAT_APP_ID=0 SteamAppId=0 SteamGameId=heroic-Celeste PROTON_LOG_DIR=/home/goldrn /opt/heroic/resources/app.asar.unpacked/build/bin/linux/legendary launch Salt --language en --no-wine --wrapper "'/home/goldrn/.local/share/Steam/steamapps/common/Proton - Experimental/proton' run"
[cli] INFO: Checking for updates...
[cli] INFO: Logging in...
[Core] INFO: Trying to re-use existing login session...
[Core] INFO: Getting authentication token...
[Core] INFO: Getting authentication token...
[Core] INFO: Getting authentication token...
[cli] INFO: Launching Salt...
[cli] INFO: Launching Salt...

Legendary update available!
- New version: 0.20.32 - "Dark Energy (hotfix #6)"
- Release summary:
 [!] Fixes installing games that specify invalid install directories (e.g. Kerbal Space Program)
 [*] More gracefully handles account errors
See full changelog for additional details.
- Release URL: https://legendary.gl/release/0.20.32

- Download URL: https://legendary.gl/release/download/0.20.32/legendary

Legendary update available!
- New version: 0.20.32 - "Dark Energy (hotfix #6)"
- Release summary:
 [!] Fixes installing games that specify invalid install directories (e.g. Kerbal Space Program)
 [*] More gracefully handles account errors
See full changelog for additional details.
- Release URL: https://legendary.gl/release/0.20.32

- Download URL: https://legendary.gl/release/download/0.20.32/legendary
[Core] INFO: Getting authentication token...
[cli] INFO: Launching Salt...
[cli] INFO: Launching Salt...

Legendary update available!
- New version: 0.20.32 - "Dark Energy (hotfix #6)"
- Release summary:
 [!] Fixes installing games that specify invalid install directories (e.g. Kerbal Space Program)
 [*] More gracefully handles account errors
See full changelog for additional details.
- Release URL: https://legendary.gl/release/0.20.32

- Download URL: https://legendary.gl/release/download/0.20.32/legendary

Legendary update available!
- New version: 0.20.32 - "Dark Energy (hotfix #6)"
- Release summary:
 [!] Fixes installing games that specify invalid install directories (e.g. Kerbal Space Program)
 [*] More gracefully handles account errors
See full changelog for additional details.
- Release URL: https://legendary.gl/release/0.20.32

- Download URL: https://legendary.gl/release/download/0.20.32/legendary
[cli] INFO: Checking for updates...
wineserver: using server-side synchronization.
wine: RLIMIT_NICE is <= 20, unable to use setpriority safely
[Core] INFO: Getting authentication token...
[cli] INFO: Launching Salt...

Legendary update available!
- New version: 0.20.32 - "Dark Energy (hotfix #6)"
- Release summary:
 [!] Fixes installing games that specify invalid install directories (e.g. Kerbal Space Program)
 [*] More gracefully handles account errors
See full changelog for additional details.
- Release URL: https://legendary.gl/release/0.20.32

- Download URL: https://legendary.gl/release/download/0.20.32/legendary
[S_API] SteamAPI_Init(): SteamAPI_IsSteamRunning() did not locate a running instance of Steam.
[S_API FAIL] SteamAPI_Init() failed
[S_API] SteamAPI_Init(): SteamAPI_IsSteamRunning() did not locate a running instance of Steam.
[S_API FAIL] SteamAPI_Init() failed
[S_API] SteamAPI_Init(): SteamAPI_IsSteamRunning() did not locate a running instance of Steam.
[S_API FAIL] SteamAPI_Init() failed
[S_API] SteamAPI_Init(): SteamAPI_IsSteamRunning() did not locate a running instance of Steam.
[S_API FAIL] SteamAPI_Init() failed
[S_API] SteamAPI_Init(): SteamAPI_IsSteamRunning() did not locate a running instance of Steam.
[S_API FAIL] SteamAPI_Init() failed
Controller 0: PS5 Controller
Controller 0: PS5 Controller
Controller 0: PS5 Controller
Controller 0: PS5 Controller
Controller 0: PS5 Controller
CELESTE : 1.4.0.0
CELESTE : 1.4.0.0
CELESTE : 1.4.0.0
CELESTE : 1.4.0.0
CELESTE : 1.4.0.0
FNA3D Driver: D3D11
D3D11 Adapter: NVIDIA GeForce GTX 1660 Ti
FNA3D Driver: D3D11
D3D11 Adapter: NVIDIA GeForce GTX 1660 Ti
FNA3D Driver: D3D11
D3D11 Adapter: NVIDIA GeForce GTX 1660 Ti
FNA3D Driver: D3D11
D3D11 Adapter: NVIDIA GeForce GTX 1660 Ti
FNA3D Driver: D3D11
D3D11 Adapter: NVIDIA GeForce GTX 1660 Ti
BEGIN LOAD
BEGIN LOAD
BEGIN LOAD
BEGIN LOAD
BEGIN LOAD
 - GFX LOAD: 1234ms
 - GFX LOAD: 1323ms
 - GFX LOAD: 1410ms
 - GFX LOAD: 1428ms
 - GFX LOAD: 1396ms
 - MTN LOAD: 582ms
FULLSCREEN
GAME DISPLAYED (in 2018ms)
 - MTN LOAD: 601ms
 - MTN LOAD: 694ms
FULLSCREEN
GAME DISPLAYED (in 2188ms)
 - MTN LOAD: 593ms
FULLSCREEN
GAME DISPLAYED (in 2210ms)
 - MTN LOAD: 648ms
FULLSCREEN
GAME DISPLAYED (in 2197ms)
FULLSCREEN
GAME DISPLAYED (in 2226ms)
 - AUDIO LOAD: 509ms
 - GFX DATA LOAD: 66ms
 - AUDIO LOAD: 473ms
 - AUDIO LOAD: 477ms
 - MTN DATA LOAD: 84ms
 - GFX DATA LOAD: 65ms
 - AUDIO LOAD: 468ms
 - GFX DATA LOAD: 58ms
 - GFX DATA LOAD: 63ms
 - MTN DATA LOAD: 85ms
 - DIA/FONT LOAD: 129ms
 - MTN DATA LOAD: 81ms
 - AUDIO LOAD: 495ms
 - GFX DATA LOAD: 60ms
 - MTN DATA LOAD: 138ms
 - DIA/FONT LOAD: 139ms
 - DIA/FONT LOAD: 147ms
 - MTN DATA LOAD: 80ms
 - DIA/FONT LOAD: 78ms
 - DIA/FONT LOAD: 89ms
 - LEVELS LOAD: 561ms
DONE LOADING (in 3624ms)
 - LEVELS LOAD: 583ms
DONE LOADING (in 3718ms)
 - LEVELS LOAD: 526ms
DONE LOADING (in 3598ms)
 - LEVELS LOAD: 562ms
DONE LOADING (in 3682ms)
 - LEVELS LOAD: 531ms
DONE LOADING (in 3648ms)

=================================================================
	Native Crash Reporting
=================================================================
Got a UNKNOWN while executing native code. This usually indicates
a fatal error in the mono runtime or one of the native libraries 
used by your application.
=================================================================

=================================================================
	Managed Stacktrace:
=================================================================
	  at <unknown> <0xffffffff>
	  at Microsoft.Xna.Framework.Graphics.FNA3D:FNA3D_AddDisposeEffect <0x00012>
	  at Microsoft.Xna.Framework.Graphics.Effect:Dispose <0x0007b>
	  at Microsoft.Xna.Framework.Graphics.GraphicsResource:Dispose <0x0002b>
	  at Microsoft.Xna.Framework.Content.ContentManager:Unload <0x00081>
	  at Microsoft.Xna.Framework.Content.ContentManager:Dispose <0x00033>
	  at Microsoft.Xna.Framework.Content.ContentManager:Dispose <0x0002b>
	  at Microsoft.Xna.Framework.Game:Dispose <0x00103>
	  at Microsoft.Xna.Framework.Game:Dispose <0x0002b>
	  at Celeste.Celeste:Main <0x003fb>
	  at <Module>:runtime_invoke_void_object <0x0006c>
=================================================================
wine: Unhandled page fault on read access to 00000000 at address 6BB0AA6C (thread 01f4), starting debugger...
Unhandled exception: page fault on read access to 0x00000000 in 32-bit code (0x6bb0aa6c).
Register dump:
 CS:0023 SS:002b DS:002b ES:002b FS:0063 GS:006b
 EIP:6bb0aa6c ESP:0087f660 EBP:00000004 EFLAGS:00210206(  R- --  I   - -P- )
 EAX:00000000 EBX:057dd1d8 ECX:00000004 EDX:057c6938
 ESI:00000001 EDI:00000018
Stack dump:
0x0087f660:  057dd270 057c4520 057c4520 6bb08740
0x0087f670:  6bb08740 057c4520 057d98b8 6bb04e1a
0x0087f680:  057dd1d8 057c4520 057c4520 00b50030
0x0087f690:  00000078 00000007 057d9b5c 00000002
0x0087f6a0:  057c4520 057d9788 0087f728 057c4520
0x0087f6b0:  057d9788 057de1d0 0087f728 6bac34ab
Backtrace:
=>0 0x6bb0aa6c in fna3d (+0x4aa6c) (0x00000004)
0x6bb0aa6c fna3d+0x4aa6c: movl	0x0(%eax),%edx
Modules:
Module	Address			Debug info	Name (70 modules)
PE	001f0000-001f8000	Deferred        api-ms-win-crt-heap-l1-1-0
PE	00400000-0067a000	Deferred        celeste
PE	00df0000-0172a000	Deferred        shell32
PE	01f20000-01fe8000	Deferred        winmm
PE	01ff0000-01ff8000	Deferred        api-ms-win-crt-utility-l1-1-0
PE	03830000-03cac000	Deferred        mscorlib
PE	043c0000-04484000	Deferred        fna
PE	04490000-04754000	Deferred        system
PE	04760000-04870000	Deferred        system.core
PE	04870000-049b9000	Deferred        sdl2
PE	049d0000-04cde000	Deferred        system.xml
PE	050e0000-05106000	Deferred        system.configuration
PE	05ac0000-05ad0000	Deferred        i18n
PE	05af0000-05b0a000	Deferred        i18n.west
PE	07470000-07829000	Deferred        d3d11
PE	10000000-103ee000	Deferred        libmono-2.0-x86
PE	15cb0000-15dc5000	Deferred        fmodstudio
PE	15dd0000-15f87000	Deferred        fmod
PE	61740000-61784000	Deferred        advapi32
PE	61f00000-61f09000	Deferred        api-ms-win-crt-convert-l1-1-0
PE	61f80000-61f8b000	Deferred        api-ms-win-crt-math-l1-1-0
PE	62d40000-62d47000	Deferred        api-ms-win-crt-environment-l1-1-0
PE	62fc0000-6304e000	Deferred        rpcrt4
PE	63480000-6348d000	Deferred        version
PE	63740000-63749000	Deferred        api-ms-win-crt-runtime-l1-1-0
PE	63bc0000-63bda000	Deferred        shcore
PE	64a40000-64a94000	Deferred        shlwapi
PE	64dc0000-64dc8000	Deferred        api-ms-win-crt-conio-l1-1-0
PE	64ec0000-64fef000	Deferred        oleaut32
PE	65d40000-65d48000	Deferred        api-ms-win-crt-filesystem-l1-1-0
PE	66240000-66258000	Deferred        bcrypt
PE	66600000-66607000	Deferred        api-ms-win-crt-locale-l1-1-0
PE	666c0000-666cf000	Deferred        hid
PE	669c0000-66a23000	Deferred        msctfp
PE	66b00000-66b3e000	Deferred        win32u
PE	67840000-6786e000	Deferred        winepulse
PE	67c40000-67c80000	Deferred        mscoree
PE	67d40000-67d6c000	Deferred        mmdevapi
PE	682c0000-682f0000	Deferred        winevulkan
PE	68500000-6855a000	Deferred        combase
PE	69540000-6958f000	Deferred        dinput8
PE	69ac0000-69acd000	Deferred        vulkan-1
PE	69d80000-69dd4000	Deferred        d3dcompiler_47
PE	6a040000-6a062000	Deferred        msacm32
PE	6a280000-6a32e000	Deferred        msvcrt
PE	6a400000-6a533000	Deferred        ole32
PE	6a880000-6a893000	Deferred        xinput1_4
PE	6b0c0000-6b0c7000	Deferred        api-ms-win-crt-process-l1-1-0
PE	6b7c0000-6b7c9000	Deferred        api-ms-win-crt-stdio-l1-1-0
PE	6bac0000-6bb5d000	Export          fna3d
PE	6bc00000-6bc2c000	Deferred        sechost
PE	6bcc0000-6bd41000	Deferred        setupapi
PE	6c9c0000-6ca46000	Deferred        gdi32
PE	6cc40000-6cd9f000	Deferred        comctl32
PE	6cf40000-6cf47000	Deferred        api-ms-win-crt-time-l1-1-0
PE	6d640000-6d656000	Deferred        fusion
PE	6d780000-6d7a9000	Deferred        ws2_32
PE	6df80000-6e018000	Deferred        libvkd3d-shader-1
PE	6ed00000-6ef41000	Deferred        user32
PE	6f400000-6f672000	Deferred        dxgi
PE	6f900000-6f93c000	Deferred        msctf
PE	6fa80000-6faea000	Deferred        dbghelp
PE	6ff00000-6ff09000	Deferred        api-ms-win-crt-string-l1-1-0
PE	702c0000-702d7000	Deferred        api-ms-win-crt-private-l1-1-0
PE	70b40000-70c1c000	Deferred        ucrtbase
PE	71200000-7121c000	Deferred        imm32
PE	7b000000-7b0ee000	Deferred        kernelbase
PE	7b600000-7b81b000	Deferred        kernel32
PE	7bc00000-7bca9000	Deferred        ntdll
PE	f7260000-f7264000	Deferred        winex11
Threads:
process  tid      prio (all id:s are in hex)
00000020 steam.exe
	00000024    0
	000001d0    0
	000001fc    0
00000030 services.exe
	00000034    0
	00000038    0
	00000044    0
	0000006c    0
	000000b4    0
	000000cc    0
	00000144    0
0000003c winedevice.exe
	00000040    0
	0000004c    0
	00000050    0
	00000054    0
	00000058    0
	000000d8    0
0000005c steam.exe
	00000060    0
	000001b8    0
	000001ec    0
00000064 winedevice.exe
	00000068    0
	00000070    0
	00000074    0
	00000078    0
	00000084    0
	00000088    0
	0000008c    0
	00000094    0
	00000098    0
0000007c steam.exe
	00000080    0
	000001dc    0
	00000204    0
0000009c steam.exe
	000000a0    0
	000001bc    0
	000001f8    0
000000a4 steam.exe
	000000a8    0
	000001b4    0
	000001e0    0
000000ac plugplay.exe
	000000b0    0
	000000b8    0
	000000bc    0
	000000c0    0
	00000234    0
	00000238    0
	00000240    0
	00000244    0
	0000024c    0
	00000250    0
	00000260    0
	00000264    0
	00000270    0
	00000278    0
000000c4 svchost.exe
	000000c8    0
	000000d0    0
	000000d4    0
000000dc explorer.exe
	000000e0    0
	00000104    0
	0000013c    0
00000124 rpcss.exe
	00000128    0
	00000150    0
	00000154    0
	00000158    0
	0000015c    0
	00000180    0
00000190 tabtip.exe
	00000194    0
	000001b0    0
	00000200    0
000001c0 Celeste.exe
	000001c4   -2
	0000020c    0
	00000214    0
	0000023c    0
	00000268    0
	00000274    2
	000002dc    0
	000002e0    0
	000002e4    0
	0000034c   -2
	00000350   -2
	00000354   -2
	00000358   -2
	0000035c   -2
	00000360   -2
	00000364   -2
	00000368   -2
	0000036c   -2
	00000370   -2
	00000374   -2
	00000378   -2
	0000037c   -2
	00000380   -2
	00000384   -2
	00000388   -2
	00000454    0
	0000045c    0
	000004a4    0
	000004a8    0
	000004ac   15
	000004b8   15
	000004bc    2
	000004c0   15
	000004c4    0
	000004c8    0
	000004cc    0
	00000544    1
	00000548    1
000001c8 Celeste.exe
	000001cc   -2
	00000208    0
	00000210    0
	00000230    0
	00000254    0
	00000258    2
	000002d0    0
	000002d4    0
	000002d8    0
	000002fc   -2
	00000300   -2
	00000304   -2
	00000308   -2
	0000030c   -2
	00000310   -2
	00000314   -2
	00000318   -2
	00000320   -2
	00000324   -2
	00000334   -2
	00000338   -2
	0000033c   -2
	00000340   -2
	00000344   -2
	00000348   -2
	0000044c    0
	00000450    0
	00000460    0
	0000046c    0
	00000470   15
	00000474   15
	00000478    2
	0000047c   15
	00000480    0
	00000484    0
	00000488    0
	0000053c    1
	00000540    1
000001d4 Celeste.exe
	000001d8   -2
	00000218    0
	00000224    0
	00000248    0
	0000027c    0
	00000280    2
	000002f4    0
	000002f8    0
	0000031c    0
	000003e0   -2
	000003e4   -2
	000003ec   -2
	000003f4   -2
	000003fc   -2
	00000404   -2
	00000408   -2
	0000040c   -2
	00000410   -2
	00000414   -2
	00000418   -2
	0000041c   -2
	00000420   -2
	00000424   -2
	00000428   -2
	0000042c   -2
	0000048c    0
	00000490    0
	000004d8    0
	000004f4    0
	000004f8   15
	000004fc   15
	00000504    2
	00000508   15
	0000050c    0
	00000510    0
	00000514    0
	0000055c    1
	00000560    1
000001e4 Celeste.exe
	000001e8   -2
	0000021c    0
	00000228    0
	0000025c    0
	00000284    0
	00000288    2
	000002e8    0
	000002ec    0
	000002f0    0
	0000038c   -2
	00000390   -2
	00000394   -2
	00000398   -2
	0000039c   -2
	000003a0   -2
	000003a4   -2
	000003a8   -2
	000003ac   -2
	000003b0   -2
	000003b4   -2
	000003b8   -2
	000003bc   -2
	000003c0   -2
	000003c4   -2
	000003c8   -2
	00000464    0
	00000468    0
	000004b4    0
	000004d0    0
	000004d4   15
	000004dc   15
	000004e0    2
	000004e4   15
	000004e8    0
	000004ec    0
	000004f0    0
	0000054c    1
	00000550    1
000001f0 (D) Z:\home\goldrn\Games\Heroic\Celeste\Celeste.exe
	000001f4    0 <==
	00000220    0
	0000022c    0
	0000026c    0
	0000028c    0
	00000290    2
	00000328    0
	0000032c    0
	00000330    0
	000003cc   -2
	000003d0   -2
	000003d4   -2
	000003d8   -2
	000003dc   -2
	000003e8   -2
	000003f0   -2
	000003f8   -2
	00000400   -2
	00000430   -2
	00000434   -2
	00000438   -2
	0000043c   -2
	00000440   -2
	00000444   -2
	00000448   -2
	0000049c    0
	000004a0    0
	00000518    0
	0000051c    0
	00000520   15
	00000524   15
	00000528    2
	0000052c   15
	00000530    0
	00000534    0
	00000538    0
	00000554    1
	00000558    1
	00000570    0
System information:
    Wine build: wine-7.0
    Platform: i386 (WOW64)
    Version: Windows 10
    Host system: Linux
    Host version: 6.1.7-arch1-1
