[2/7/2023, 9:17:19 PM] /opt/heroic/resources/app.asar.unpacked/build/bin/linux/legendary --version
legendary version "0.20.32", codename "Dark Energy (hotfix #6)"
[2/7/2023, 9:17:20 PM] /opt/heroic/resources/app.asar.unpacked/build/bin/linux/legendary cleanup
[2/7/2023, 9:17:20 PM] /opt/heroic/resources/app.asar.unpacked/build/bin/linux/legendary list --third-party
[2/7/2023, 9:17:20 PM] /opt/heroic/resources/app.asar.unpacked/build/bin/linux/legendary list --third-party
[cli] INFO: Logging in...
[cli] INFO: Cleanup complete! Removed 0.01 MiB.
[cli] INFO: Logging in...
[Core] INFO: Logging in...
[Core] INFO: Logging in...
[cli] INFO: Getting game list... (this may take a while)
[cli] INFO: Getting game list... (this may take a while)
[Core] INFO: Fetching metadata for 11 app(s).
[Core] INFO: Fetching metadata for 11 app(s).
Traceback (most recent call last):
  File "legendary/cli.py", line 3061, in <module>
  File "legendary/cli.py", line 2972, in main
  File "legendary/cli.py", line 206, in list_games
  File "legendary/core.py", line 511, in get_non_asset_library_items
  File "legendary/api/egs.py", line 229, in get_library_items
  File "requests/models.py", line 1021, in raise_for_status
requests.exceptions.HTTPError: 500 Server Error: Internal Server Error for url: https://library-service.live.use1a.on.epicgames.com/library/api/public/items?includeMetadata=True
[119352] Failed to execute script 'cli' due to unhandled exception!

Available games:
 * 20XX (App name: Quail | Version: 1.42.13rc1)
 * 3 out of 10, EP 1: "Welcome To Shovelworks" (App name: Flounder | Version: R01_S01_E05_V007_CL16693)
 * >observer_ (App name: Tumeric | Version: 1.0.0d)
 * A Plague Tale: Innocence (App name: e0fa47ae79514345823bff209ae29451 | Version: EGS_1.08.4)
 * A Short Hike (App name: d6407c9e6fd54cb492b8c6635480d792 | Version: 1.9_v3_Windows)
 * Absolute Drift (App name: 19927295d6e3467887d4e830d8c85963 | Version: Win_202205111132)
 * ABZU (App name: Curry | Version: 1.0)
 * AER Memories of Old (App name: 26b63c46de9e4dcc856b3c6b106b6777 | Version: 1.0.4.1)
 * Alan Wake's American Nightmare (App name: Condor | Version: 01.03)
 * Alien: Isolation (App name: 8935bb3e1420443a9789fe01758039a5 | Version: 1.0RC5.284847.51533)
  + Alien: Isolation - Last Survivor (App name: 6b61b3692dae45be889bf38cb1f9ed84 | Version: 1.0RC5.284847.51533)
 * Amnesia:  The Dark Descent (App name: ece4c58603d04bcb97454be9a7492fa6 | Version: 1.5)
 * Amnesia: A Machine for Pigs (App name: d7db33dfe7634d6b8a188c708f2caa3c | Version: 1.2)
 * Among the Sleep - Enhanced Edition (App name: aa78f7be2ee64193b6b6444c5fc50157 | Version: Windows.3.1.0.41_Win64_DLL_Fix)
 * Among Us (App name: 963137e4c29d4c79a81323b8fab03a40 | Version: 2640)
 * Anodyne 2: Return to Dust (App name: Tanzanite | Version: Win_1.32)
 * Ape Out (App name: Coley | Version: 1.0.0)
 * ARK: Survival Evolved (App name: aafc587fbf654758802c8e41e4fb3255 | Version: 356.1.win)
 * Assassins Creed Syndicate (App name: Albacore | Version: 1.54)
  - This game can be activated directly on your Ubisoft account and does not require legendary to install/run. Use "legendary activate --uplay" and follow the instructions.
 * Automachef (App name: 069a60f6b0514a5fbe81b38957c1ddfd | Version: 15)
 * Axiom Verge (App name: Puffin | Version: 1.53)
 * Axiom Verge Randomizer Beta (App name: 3017c57256b640519e6b84b44a4ac940 | Version: 1.58)
 * Aztez (App name: Grunt | Version: 1.2-aeeb6200374fc01a6a51c3006846a350febeb243.21-Win)
 * Bad North Jotunn Edition (App name: Chives | Version: 2.00.5)
 * Barony (App name: c98c4cd6d83a4524b4b22f13af95a104 | Version: v3.3.7-010920)
 * Barony (Beta) (App name: 24349b736ad74d9db72e6cab21933877 | Version: v3.8.6-qodbeta-241222-3)
 * Batman™ Arkham Asylum Game of the Year Edition (App name: Godwit | Version: 1.93)
 * Batman™ Arkham City - Game of the Year Edition (App name: Egret | Version: 1.7)
 * Batman™ Arkham Knight (App name: Cowbird | Version: 1.98)
 * Battle Breakers (App name: WorldExplorersLive | Version: 1.88.244-r17036752-Windows)
 * Blair Witch (App name: 247a0f0f5803429eb3be2c06f3ea77ff | Version: BLAIR_WIN_SRC_20191209_1642)
 * Borderlands 2 (App name: Dodo | Version: 2.0.2_BN347_CL2863302)
 * Borderlands: The Pre-Sequel (App name: Turkey | Version: 2.0.2_BN160_CL2863302)
 * Bridge Constructor: The Walking Dead (App name: 998af0ab527c493baefb8049250c9a0e | Version: 1.0r31Win)
 * Carcassonne (App name: Thrush | Version: 1.10.2967-win)
 * Cave Story+ (App name: 1dea8a6ddb544842a58e4b5c8675ff58 | Version: 1.1)
 * Celeste (App name: Salt | Version: 1.4.0.0-Windows)
 * Cities Skylines (App name: bcbc03d8812a44c18f41cf7d5f849265 | Version: 1.16.0-f4)
 * City of Brass (App name: Arrowroot | Version: 1.6.3.0)
 * Close to the Sun (App name: Silene | Version: 120)
 * Conarium (App name: Canary | Version: 1.0.0.6)
 * Control (App name: Calluna | Version: 01.13)
 * Costume Quest (App name: Violetear | Version: 1)
 * Costume Quest 2 (App name: 82a78a4dd6ef4eaa892707791b705073 | Version: 1)
 * Crashlands (App name: afdf59e3dc8f40ec8fd887b5d3fcef23 | Version: epic_release_1.5.87_1.5.87-rc.8_windows_1650904578814)
 * Creature in the Well (App name: a579a08e71b341e6af106dbd170e2ab2 | Version: 1.0.0-137001-1)
 * Crying Suns (App name: 18fafa2d70d64831ab500a9d65ba9ab8 | Version: 2.2.5.14-WIN64)
 * Dandara: Trials of Fear Edition (App name: c35b9699c4e24c56976b5bd8eceba464 | Version: 1.4.11-pc)
 * Darksiders II Deathinitive Edition (App name: Hoki | Version: 1.0)
 * Darksiders Warmastered Edition (App name: Hake | Version: 1.0)
 * DARQ (App name: ee96375fac2f47de978170a24398e581 | Version: 1.3.2d)
 * Dauntless (App name: Jackal | Version: 1.13.1.423746)
 * Dead by Daylight (App name: Brill | Version: DBD_Live_EGS_Shipping_136_679617_6.5.1.4)
 * Death Coming (App name: 2333810845fd49a286baf29f9b58f9ae | Version: 1.1.713)
 * Defense Grid: The Awakening (App name: a434dcb20f0d439b93aaa31dac9e3210 | Version: 1.263117)
 * Deponia The Complete Journey (App name: 03b7b25a77024cc0adf44777f791ffc4 | Version: 3.3.0156.8)
 * Drawful 2 (App name: Daisy | Version: 1.0.2)
 * Dungeons 3 (App name: 351fe5b32e22412d8fa41f4c7395fed1 | Version: v1.7 build13 @c33954b v11)
 * Enter the Gungeon (App name: Garlic | Version: 2.1.9a)
 * Europa Universalis IV (App name: da0103e959e54d139d0c109ded3b3672 | Version: EU4-v1.34.5.0-Sweden-2f83-windows-live-152)
 * Everything (App name: Pelican | Version: 1.08)
 * Faeria (App name: Vulture | Version: 0.20.3(Win))
 * Farming Simulator 19 (App name: Stellula | Version: 1.7.1.0o Win)
 * Faster Than Light (App name: Blowfish | Version: 1.6.12.Windows)
 * Fez (App name: Bluebird | Version: 1.12.0)
 * Figment (App name: ed5e8d42b2ac461eb6f9176d163b9515 | Version: v1.4.0_2020-03-29_3ceaeed)
 * For The King (App name: Discus | Version: 45)
 * Fortnite (App name: Fortnite | Version: ++Fortnite+Release-23.30-CL-23986860-Windows)
 * Frostpunk (App name: b2e00fc16632475782a7730d1bd7cb60 | Version: 0.0.10)
 * Galactic Civilizations III (App name: 5f1c66366b2c4a6496d535d88c56e6cf | Version: v4.51.364767.2)
 * Galactic Civilizations III (Test branch) (App name: 8931f79300d04c5889799bffc8ef70bd | Version: v4.51.364767.2)
 * Genshin Impact (App name: 41869934302e4b8cafac2d3c0e7c293d | Version: 65)
 * Ghostbusters The Video Game Remastered (App name: Mint | Version: retail10)
 * God's Trigger (App name: 9bc4423d873845739cc99ab69b6bfbe9 | Version: 1.2.58760.3)
 * Godfall (App name: Carp | Version: 5.1.23-prod-stable)
 * Gone Home (App name: Flier | Version: 1.3.3)
 * GoNNER (App name: Emperor | Version: ItsnotGonner2)
 * Grand Theft Auto V (App name: 9d2d0eb64d5c44529cece33fe2a46482 | Version: 1.0.2824.0_v1)
 * Halcyon 6 (App name: b9e848fc5e844f4285b0624789476664 | Version: 1.4.3.5)
 * Hand of Fate 2 (App name: 808f0dfbf3b84c2680793724d7f207bf | Version: 1.9.91_54131_Win64_Live)
 * Helium Rain Mod Kit (App name: Sunflower | Version: 1.0.7)
 * Hell is other demons (App name: 5ade01bafec54a148024665ce978b2a4 | Version: 0.0.17-win)
 * Hello Neighbor (App name: Ursus | Version: 1.4.1)
 * HITMAN (App name: Barbet | Version: 4226454)
 * HITMAN 3 (App name: Eider | Version: 6519315)
 * Hob (App name: Lyrebird | Version: 1.0)
 * Horace (App name: Palila | Version: 1.8)
 * Horizon Chase Turbo (App name: bb406082b69a47208489d3616b22b5c2 | Version: 2.0.202223111113)
 * Hue (App name: Herring | Version: 1.0)
 * Hyper Light Drifter (App name: Parakeet | Version: 1.0.0)
 * Idle Champions of the Forgotten Realms (App name: 40cb42e38c0b4a14a1bb133eb3291572 | Version: IdleDragons48464Live)
 * InnerSpace (App name: Almond | Version: 1.0.0c)
 * Inside (App name: Marigold | Version: 1.0.0)
 * Into The Breach (App name: Blobfish | Version: 1.2.88)
 * Ironcast (App name: ac8f20a7931e4d63a1db4dc1267ec3d1 | Version: 1.0.1)
 * Jotun Valhalla Edition (App name: Grouse | Version: 1.02)
 * Jurassic World Evolution (App name: 373a4372c20540aca7fdd880d27fa49a | Version: 1.12.7.54973)
 * Just Cause 4 (App name: Kakopo | Version: JC4_2226912_1830540)
 * Ken Follett's The Pillars of the Earth (App name: 819985835fd54090845e3083e28b77bb | Version: 1.2.12950-64Bit)
 * Killing Floor 2 (App name: Finch | Version: 477977-2023_01_23_23h08m05s)
 * KillingFloor2Beta (App name: 3223ccf6ac9b4189bd4e144c047d33fb | Version: NOVERSION-2022_10_20_16h30m51s)
 * Kingdom Come Deliverance (App name: Eel | Version: 1.9.6-404-504pt)
 * Kingdom New Lands (App name: cacao | Version: 1.2.8-r2121-Windows)
 * Layers of Fear (App name: Cilantro | Version: 1.1.1e)
 * Layers of Fear 2 (App name: 473e24df09f843a1acc4aa16b01dae83 | Version: 1.0.0.0)
 * Lifeless Planet: Premier Edition (App name: 860a4feefe2a4f48905ae86c61d5db64 | Version: 1.0.0)
 * Limbo (App name: Hazelnut | Version: 1.0.1)
 * Little Inferno (App name: Clover | Version: 2.0.3)
 * Loop Hero (App name: f7a0ebb44f93430fb1c4388a395eba96 | Version: 11054)
 * Magic: Legends (App name: f65978f976a944bcac6a51c5ba0afbec | Version: CL_2021_03_12_14_37)
 * Metro 2033 Redux (App name: Petunia | Version: 0.1.0.0)
 * Metro Last Light Redux (App name: Speedwell | Version: 0.1.0.0)
 * Might & Magic: Chess Royale (App name: b141e42965ff431aa0e23bf3d5635942 | Version: 3.0)
  - This game can be activated directly on your Ubisoft account and does not require legendary to install/run. Use "legendary activate --uplay" and follow the instructions.
 * Minit (App name: Petrel | Version: 0.1-staging-win32)
 * Moonlighter (App name: Eagle | Version: 1.14.38)
 * Mothergunship (App name: ee5c6a659d0f478fba0049fa44429a1f | Version: 1.0.196)
 * MudRunner (App name: Bulbul | Version: 0.8.1)
 * Mutazione (App name: 1fe19232c0f7476a8e99fd8752e800c2 | Version: Win-1.85.1)
 * My Time at Portia (App name: Cobra | Version: 2.0.20210813)
 * NBA 2K21 (App name: 639977eecfd2497c941b71af949b5067 | Version: 1.12.135040)
 * Neon Abyss (App name: a26f991a5e6c4e9c9572fc200cbea47f | Version: Release_81)
 * Next Up Hero (App name: Sumac | Version: 0.0.16)
 * Night in the Woods (App name: cd1b8a6e5b6c47369e2a1e2cf7b7f536 | Version: 406.Win64)
 * Nioh: The Complete Edition (App name: b5e42b0dc2f544a5bbb4080a433b8b71 | Version: Ver1.24.08.57450)
 * Nuclear Throne (App name: Turaco | Version: 1)
 * Obduction (App name: 635e08e4b4824baabd24ef3cf941743c | Version: 1.8.4)
 * Oddworld: New 'n' Tasty (App name: 7c566548d24343e48151125ced4b494c | Version: Epic 1.0)
 * Offworld Trading Company (App name: Snapper | Version: 248)
 * Overcooked (App name: Sage | Version: 1.0)
 * Overcooked! 2 (App name: Potoo | Version: 246.807171)
 * Oxenfree (App name: Hibiscus | Version: 3.2.16_20220627_011)
 * Paladins (App name: Antbird | Version: 741)
 * Pathway (App name: 8fceb562623c430db9bb6abf0549c43e | Version: 1.4.0_windows64)
 * PC Building Simulator (App name: ab277c0995e945d2b2c50c46883627f1 | Version: v1.15.4_88)
 * Pikuniku (App name: 48619f5656da446abccb727b78cda644 | Version: Win64_1)
 * Pillars of Eternity - Definitive Edition (App name: bcc75c246fe04e45b0c1f1c3fd52503a | Version: 1.0.11)
  + Pillars of Eternity - Definitive Edition Pack (App name: 8e975c15166a4a1ca28d65fdfa411248 | Version: 1.0.0)
 * Pine (App name: 6d564ff21f9c45b7b782b7113ad60be8 | Version: Patch 13)
 * Q.U.B.E. 2 (App name: Auk | Version: 1.2)
 * Rage 2 (App name: ad3d0f08dd0841d8a1ba77d94ded4773 | Version: 1.8)
 * Railway Empire (App name: 8cf7c6b964514532ad8284a376a517bf | Version: 1.14.2.27630)
 * Rayman Legends (App name: Anchovy | Version: 1.00)
  - This game can be activated directly on your Ubisoft account and does not require legendary to install/run. Use "legendary activate --uplay" and follow the instructions.
 * Rebel Galaxy (App name: Weaver | Version: 1.08f)
 * Relicta (App name: b4670484aae24db492f0b468a98fe361 | Version: 1.1.0)
 * Remnant: From the Ashes (App name: b4a0d2d15acb4db894a599b810297543 | Version: Remnant_Win64_Shipping_275957)
 * Rise of the Tomb Raider: 20 Year Celebration (App name: f7cc1c999ac146f39b356f53e3489514 | Version: TR2_30112021_1027.0_1224023_303770_132827583431143041_)
 * Rising Storm 2: Vietnam (App name: Tern | Version: 20210514-403690-36)
 * Rocket League® (App name: Sugar | Version: BC2_Update40.1+411503c)
 * Rogue Company (App name: Pewee | Version: 1662)
 * RollerCoaster Tycoon® 3: Complete Edition (App name: 281a47e363284108b82bf05c1a612145 | Version: 3.2.5.13)
 * RUINER (App name: Laridae | Version: 1.0.4)
 * Saints Row The Third Remastered (App name: Loon | Version: SRTTR_20211028_epic_14th_patch)
 * Salt and Sanctuary (App name: 499f085e442048aa854d6250b21c42fb | Version: 1.0.0.2a)
 * SAMURAI SHODOWN NEOGEO COLLECTION (App name: 75553c71fa1744a4be89f71d5b862eae | Version: 1.0.5.4)
 * Shadow Tactics: Blades of the Shogun (App name: Fangtooth | Version: 2.2.11.F.Windows_EpicStore.2023_01_17_1555_Windows)
 * Shadowrun Hong Kong (App name: 41470cb5755440b8b55ec3f94351133a | Version: 1.0.0)
 * Shadowrun Returns (App name: dc29cb42f32e4a17af1d68c715fa459c | Version: 1.0.0)
 * Shadowrun: Dragonfall - Director’s Cut (App name: 5b41454974be4d5883056ba298e53675 | Version: 1.0.0)
 * Sheltered (App name: b9af0845f9d64b0d9e851d9811141f67 | Version: 123)
 * Sherlock Holmes Crimes and Punishments (App name: 0afb9d54dd3743a582b48b506466d3f8 | Version: 76601.1)
 * Sid Meier's Civilization VI (App name: Kinglet | Version: 1.0.12.859676e_nebraska_china_RTM_Kinglet)
  + Civilization VI : Aztec DLC (App name: KingletAztec | Version: 1.0.12.859676e_nebraska_china_RTM_KingletAztec)
 * Sludge Life (App name: Morganite | Version: V201003)
 * Solitairica (App name: 4c76beac4e8a4156aa8dfb9c6db09746 | Version: Solitairica 1.1.13)
 * SOMA (App name: Emu | Version: 1.62)
 * Sonic Mania (App name: 818447bb519b46d48d365d5753362796 | Version: 1.07.0035)
 * Speed Brawl (App name: 6ffe878bb1ce490ba6d3a359a1f88df2 | Version: 1.5-cbf526615d)
 * Star Wars: Jedi Fallen Order (App name: shoebill | Version: None)
  - This game has to be activated, installed, and launched via Origin, use "legendary launch --origin shoebill" to activate and/or run the game.
 * STAR WARS™ Battlefront™ II: Celebration Edition (App name: MtMassive | Version: None)
  - This game has to be activated, installed, and launched via Origin, use "legendary launch --origin MtMassive" to activate and/or run the game.
 * Steep (App name: Barracuda | Version: 1.00)
  - This game can be activated directly on your Ubisoft account and does not require legendary to install/run. Use "legendary activate --uplay" and follow the instructions.
 * Stick it to the Man (App name: Goldfish | Version: 0.9.91)
 * Stranded Deep (App name: 02107cba432c4551a027d25d597adc49 | Version: Stable-Build_1.0.17.0)
 * Stranger Things 3: The Game (App name: 0a697c1235fb4706a635cfa33f0306ec | Version: 857)
 * Stubbs the Zombie in Rebel Without a Pulse (App name: 272d51db75be476f9ad60c0e7fc24470 | Version: 1.0.0)
 * Subnautica (App name: Jaguar | Version: 71137-27848352-Windows)
 * Sundered Eldritch Edition (App name: Moa | Version: 1)
 * Sunless Sea (App name: 2420b50453144c07b3b847fff941275d | Version: 2.2.11.3212a-Windows)
 * Super Meat Boy (App name: Buffalo | Version: 1.2.5.3)
 * Superbrothers: Sword & Sworcery EP (App name: f6d328ca5be24fd585478d1477e1ea4d | Version: 1.02)
 * SUPERHOT (App name: Dory | Version: 1.0.21_1134)
 * Surviving Mars (App name: Ovenbird | Version: 1.5_Fuglesang.1011166-Windows)
 * Tacoma (App name: Flagfin | Version: 1.0)
 * Tales of the Neon Sea (App name: 0dac2fd1f95240bda133d1f2fb27c705 | Version: 1.0.84)
 * Tharsis (App name: 266d978cc221471787b597695cbb9a75 | Version: 1.03)
 * The Alto Collection (App name: Hornbill | Version: Win_202301311530)
 * The Bridge (App name: Sunbird | Version: 1.0)
 * The Cycle: Frontier (App name: AzaleaAlpha | Version: R2.7.0)
 * The End is Nigh (App name: Statice | Version: 0.0.9)
 * The Escapists (App name: Peony | Version: dev_n43)
 * The Escapists 2 (App name: Fowl | Version: 0.24)
 * The Fall (App name: daac7fe46e3647cb80530411d7ec1dc5 | Version: 3.0.05.64nodll)
 * The First Tree (App name: cd98b47155654e1f9a9e84e60d0b49e4 | Version: 1.0.0.32)
 * The Long Dark (App name: ed93b18355a84230938c705121c63661 | Version: PC_TLD_106075)
  + The Long Dark: Wintermute (App name: 87441b64c6d746b7a7c90017c227dd0c | Version: PC_WM_105647)
 * The Messenger (App name: Jay | Version: 2.0.2.4)
 * The Spectrum Retreat (App name: 7b8fb449c8d3404ba7eda9cd4da1401b | Version: 1.0rc)
 * The Stanley Parable (App name: Freesia | Version: 1.0)
 * The Talos Principle (App name: Bustard | Version: 461288)
 * The Witness (App name: Magnolia | Version: 2019_1_23_fix)
 * The Wolf Among Us (App name: Cobbler | Version: 1.0.0.0)
 * theHunter: Call of the Wild™ (App name: 4f0c34d469bb47b2bcf5b377f47ccfe3 | Version: 0.0.1073)
 * Thimbleweed Park (App name: Tulip | Version: 955.1-win)
 * Ticket to Ride (App name: Towhee | Version: 2.7.11-6980-90471d26-win)
 * Tiny Tina's Assault on Dragon Keep: A Wonderlands One-shot Adventure (App name: 9e296d276ad447108f12c654c3341d59 | Version: PAW-PAD2-81)
 * Torchlight (App name: Terragon | Version: 1.15)
 * Torchlight II (App name: 8e425d507bd6473dbb927f0fea8ef4f6 | Version: 1.25.9.5)
 * Tormentor X Punisher (App name: Goby | Version: txp12)
 * Total War: WARHAMMER (App name: 30d3a88d29e24716ac5a4720042289f7 | Version: 16191.2644865)
 * Totally Accurate Battle Simulator (App name: Driftfish | Version: 1.1.0_03_win64)
 * Totally Reliable Delivery Service (App name: Hoatzin | Version: 2.03.03-win)
 * Towerfall Ascension (App name: Bichir | Version: 1.3.3.1-installer)
 * Trackmania (App name: Pigeon | Version: 1.1)
  - This game can be activated directly on your Ubisoft account and does not require legendary to install/run. Use "legendary activate --uplay" and follow the instructions.
 * Train Sim World 2 (App name: dd75b5c168d546cc869582c0389f0a1d | Version: 1.0.182)
 * Transistor (App name: Dill | Version: 1.50627.2019-06-10-16:14:59-x64)
 * Tyranny - Gold Edition (App name: 36b0e40890f147fbb1e3965f87369156 | Version: 1.0.21)
  + Tyranny - Gold Edition Pack (App name: 4d374e0805dc42bfb78c0ceb24bd1085 | Version: 1.0.0)
 * Unrailed (App name: 76233c0af0a441c7bd541e7d7ab3cde1 | Version: 2.0-2142376e6_2)
 * Unreal Tournament (App name: UnrealTournamentDev | Version: ++UT+Release-Next-CL-18001330)
 * Verdun (App name: 38c0129b680e4843b4807b98bad67027 | Version: 0.37119_Windows)
 * Void Bastards (App name: 595e35287b824902a2f7107139603732 | Version: 2.0.33)
 * Wargame: Red Dragon (App name: 2cd446792405468e9e87f67649d864c2 | Version: 72352)
 * Watch Dogs (App name: Jasper | Version: 1.0)
  - This game can be activated directly on your Ubisoft account and does not require legendary to install/run. Use "legendary activate --uplay" and follow the instructions.
 * Watch Dogs 2 (App name: Angelonia | Version: 1.0)
  - This game can be activated directly on your Ubisoft account and does not require legendary to install/run. Use "legendary activate --uplay" and follow the instructions.
 * Where The Water Tastes Like Wine (App name: e8964b869b6849bea41eefec766cd665 | Version: 1.0)
 * while True: learn() (App name: 4f272a49a39742b795d63e1f483a7c7d | Version: 1.5.99.24.win64)
 * Wilmot's Warehouse (App name: 9b40e3ffb4074f22a856a521be5ce858 | Version: 1.0.7)
 * World of Goo (App name: Anemone | Version: 1.53)
 * World War Z (App name: Wombat | Version: 2.14)
 * Yoku's Island Express (App name: 3acb0920074446e8baaa4c249200d892 | Version: 2021-09-26_11_01_07)
 * Yooka-Laylee (App name: ce2a78bf70b646e9b9f57c46dac99184 | Version: 30)
 * Yooka-Laylee and the Impossible Lair (App name: Duckbill | Version: 1.0.28131)

Total: 226
[2/7/2023, 9:18:12 PM] /opt/heroic/resources/app.asar.unpacked/build/bin/linux/legendary eos-overlay info --prefix /home/goldrn/Games/Heroic/Prefixes/Celeste/pfx
[2/7/2023, 9:18:12 PM] /opt/heroic/resources/app.asar.unpacked/build/bin/linux/legendary info Salt --platform Windows --json
[2/7/2023, 9:18:12 PM] /opt/heroic/resources/app.asar.unpacked/build/bin/linux/legendary info Salt --platform Windows --json
[2/7/2023, 9:18:13 PM] /opt/heroic/resources/app.asar.unpacked/build/bin/linux/legendary info Salt --platform Windows --json
[cli] INFO: Using prefix "/home/goldrn/Games/Heroic/Prefixes/Celeste/pfx"
[cli] INFO: No Legendary-managed installation found.
[cli] INFO: Found available Overlay installations in:
[cli] INFO: Overlay enabled: No
[cli] INFO: Enabled Overlay path: None
[cli] INFO: No enabled Vulkan layers.
[2/7/2023, 9:18:13 PM] /opt/heroic/resources/app.asar.unpacked/build/bin/linux/legendary info Salt --platform Windows --json
[Core] INFO: Trying to re-use existing login session...
[Core] INFO: Trying to re-use existing login session...
[Core] INFO: Trying to re-use existing login session...
[Core] INFO: Trying to re-use existing login session...
[2/7/2023, 9:18:13 PM] /opt/heroic/resources/app.asar.unpacked/build/bin/linux/legendary info Salt --platform Windows --json
[2/7/2023, 9:18:14 PM] /opt/heroic/resources/app.asar.unpacked/build/bin/linux/legendary info Salt --platform Windows --json
[Core] INFO: Trying to re-use existing login session...
[Core] INFO: Trying to re-use existing login session...
{"game": {"app_name": "Salt", "title": "Celeste", "version": "1.4.0.0-Windows", "platform_versions": {"Windows": "1.4.0.0-Windows"}, "cloud_saves_supported": true, "cloud_save_folder": "{InstallDir}/Saves/", "cloud_save_folder_mac": "{UserLibrary}/Application Support/Celeste/Saves/", "is_dlc": false, "external_activation": null, "launch_options": [], "owned_dlc": []}, "install": {"platform": "Windows", "version": "1.4.0.0-Windows", "disk_size": 1171334315, "install_path": "/home/goldrn/Games/Heroic/Celeste", "save_path": null, "synced_egl_guid": "", "install_tags": [], "requires_ovt": false, "installed_dlc": []}, "manifest": {"size": 115842, "type": "binary", "version": 17, "feature_level": 17, "app_name": "Salt", "launch_exe": "Celeste.exe", "launch_command": "", "build_version": "1.4.0.0-Windows", "build_id": "7P9Ud09mIYjhUGk9m9OMcJaSxOg", "prerequisites": null, "install_tags": [""], "num_files": 1225, "num_chunks": 1107, "disk_size": 1171334315, "download_size": 857061270, "tag_disk_size": [], "tag_download_size": []}}
{"game": {"app_name": "Salt", "title": "Celeste", "version": "1.4.0.0-Windows", "platform_versions": {"Windows": "1.4.0.0-Windows"}, "cloud_saves_supported": true, "cloud_save_folder": "{InstallDir}/Saves/", "cloud_save_folder_mac": "{UserLibrary}/Application Support/Celeste/Saves/", "is_dlc": false, "external_activation": null, "launch_options": [], "owned_dlc": []}, "install": {"platform": "Windows", "version": "1.4.0.0-Windows", "disk_size": 1171334315, "install_path": "/home/goldrn/Games/Heroic/Celeste", "save_path": null, "synced_egl_guid": "", "install_tags": [], "requires_ovt": false, "installed_dlc": []}, "manifest": {"size": 115842, "type": "binary", "version": 17, "feature_level": 17, "app_name": "Salt", "launch_exe": "Celeste.exe", "launch_command": "", "build_version": "1.4.0.0-Windows", "build_id": "7P9Ud09mIYjhUGk9m9OMcJaSxOg", "prerequisites": null, "install_tags": [""], "num_files": 1225, "num_chunks": 1107, "disk_size": 1171334315, "download_size": 857061270, "tag_disk_size": [], "tag_download_size": []}}
{"game": {"app_name": "Salt", "title": "Celeste", "version": "1.4.0.0-Windows", "platform_versions": {"Windows": "1.4.0.0-Windows"}, "cloud_saves_supported": true, "cloud_save_folder": "{InstallDir}/Saves/", "cloud_save_folder_mac": "{UserLibrary}/Application Support/Celeste/Saves/", "is_dlc": false, "external_activation": null, "launch_options": [], "owned_dlc": []}, "install": {"platform": "Windows", "version": "1.4.0.0-Windows", "disk_size": 1171334315, "install_path": "/home/goldrn/Games/Heroic/Celeste", "save_path": null, "synced_egl_guid": "", "install_tags": [], "requires_ovt": false, "installed_dlc": []}, "manifest": {"size": 115842, "type": "binary", "version": 17, "feature_level": 17, "app_name": "Salt", "launch_exe": "Celeste.exe", "launch_command": "", "build_version": "1.4.0.0-Windows", "build_id": "7P9Ud09mIYjhUGk9m9OMcJaSxOg", "prerequisites": null, "install_tags": [""], "num_files": 1225, "num_chunks": 1107, "disk_size": 1171334315, "download_size": 857061270, "tag_disk_size": [], "tag_download_size": []}}
{"game": {"app_name": "Salt", "title": "Celeste", "version": "1.4.0.0-Windows", "platform_versions": {"Windows": "1.4.0.0-Windows"}, "cloud_saves_supported": true, "cloud_save_folder": "{InstallDir}/Saves/", "cloud_save_folder_mac": "{UserLibrary}/Application Support/Celeste/Saves/", "is_dlc": false, "external_activation": null, "launch_options": [], "owned_dlc": []}, "install": {"platform": "Windows", "version": "1.4.0.0-Windows", "disk_size": 1171334315, "install_path": "/home/goldrn/Games/Heroic/Celeste", "save_path": null, "synced_egl_guid": "", "install_tags": [], "requires_ovt": false, "installed_dlc": []}, "manifest": {"size": 115842, "type": "binary", "version": 17, "feature_level": 17, "app_name": "Salt", "launch_exe": "Celeste.exe", "launch_command": "", "build_version": "1.4.0.0-Windows", "build_id": "7P9Ud09mIYjhUGk9m9OMcJaSxOg", "prerequisites": null, "install_tags": [""], "num_files": 1225, "num_chunks": 1107, "disk_size": 1171334315, "download_size": 857061270, "tag_disk_size": [], "tag_download_size": []}}
{"game": {"app_name": "Salt", "title": "Celeste", "version": "1.4.0.0-Windows", "platform_versions": {"Windows": "1.4.0.0-Windows"}, "cloud_saves_supported": true, "cloud_save_folder": "{InstallDir}/Saves/", "cloud_save_folder_mac": "{UserLibrary}/Application Support/Celeste/Saves/", "is_dlc": false, "external_activation": null, "launch_options": [], "owned_dlc": []}, "install": {"platform": "Windows", "version": "1.4.0.0-Windows", "disk_size": 1171334315, "install_path": "/home/goldrn/Games/Heroic/Celeste", "save_path": null, "synced_egl_guid": "", "install_tags": [], "requires_ovt": false, "installed_dlc": []}, "manifest": {"size": 115842, "type": "binary", "version": 17, "feature_level": 17, "app_name": "Salt", "launch_exe": "Celeste.exe", "launch_command": "", "build_version": "1.4.0.0-Windows", "build_id": "7P9Ud09mIYjhUGk9m9OMcJaSxOg", "prerequisites": null, "install_tags": [""], "num_files": 1225, "num_chunks": 1107, "disk_size": 1171334315, "download_size": 857061270, "tag_disk_size": [], "tag_download_size": []}}
{"game": {"app_name": "Salt", "title": "Celeste", "version": "1.4.0.0-Windows", "platform_versions": {"Windows": "1.4.0.0-Windows"}, "cloud_saves_supported": true, "cloud_save_folder": "{InstallDir}/Saves/", "cloud_save_folder_mac": "{UserLibrary}/Application Support/Celeste/Saves/", "is_dlc": false, "external_activation": null, "launch_options": [], "owned_dlc": []}, "install": {"platform": "Windows", "version": "1.4.0.0-Windows", "disk_size": 1171334315, "install_path": "/home/goldrn/Games/Heroic/Celeste", "save_path": null, "synced_egl_guid": "", "install_tags": [], "requires_ovt": false, "installed_dlc": []}, "manifest": {"size": 115842, "type": "binary", "version": 17, "feature_level": 17, "app_name": "Salt", "launch_exe": "Celeste.exe", "launch_command": "", "build_version": "1.4.0.0-Windows", "build_id": "7P9Ud09mIYjhUGk9m9OMcJaSxOg", "prerequisites": null, "install_tags": [""], "num_files": 1225, "num_chunks": 1107, "disk_size": 1171334315, "download_size": 857061270, "tag_disk_size": [], "tag_download_size": []}}
[2/7/2023, 9:18:16 PM] /opt/heroic/resources/app.asar.unpacked/build/bin/linux/legendary launch Salt --json --offline
{"game_parameters": [], "game_executable": "Celeste.exe", "game_directory": "/home/goldrn/Games/Heroic/Celeste", "egl_parameters": ["-AUTH_LOGIN=unused", "-AUTH_PASSWORD=", "-AUTH_TYPE=exchangecode", "-epicapp=Salt", "-epicenv=Prod", "-EpicPortal", "-epicusername=Goldrn_", "-epicuserid=9b71816f09694876a690651063b446f0", "-epiclocale=en", "-epicsandboxid=b671fbc7be424e888c9346a9a6d3d9db"], "launch_command": ["wine"], "working_directory": "/home/goldrn/Games/Heroic/Celeste", "user_parameters": [], "environment": {}, "pre_launch_command": "", "pre_launch_wait": false}
[2/7/2023, 9:18:17 PM] FNA3D_FORCE_DRIVER=OpenGL LD_PRELOAD= STEAM_COMPAT_CLIENT_INSTALL_PATH=/home/goldrn/.steam/steam STEAM_COMPAT_DATA_PATH=/home/goldrn/Games/Heroic/Prefixes/Celeste PROTON_NO_ESYNC=1 PROTON_NO_FSYNC=1 STEAM_COMPAT_APP_ID=0 SteamAppId=0 SteamGameId=heroic-Celeste PROTON_LOG_DIR=/home/goldrn /opt/heroic/resources/app.asar.unpacked/build/bin/linux/legendary launch Salt --language en --no-wine --wrapper "'/home/goldrn/.local/share/Steam/steamapps/common/Proton - Experimental/proton' run"
[cli] INFO: Logging in...
[Core] INFO: Trying to re-use existing login session...
[cli] INFO: Checking for updates...
[Core] INFO: Getting authentication token...
[cli] INFO: Launching Salt...
wineserver: using server-side synchronization.
wine: RLIMIT_NICE is <= 20, unable to use setpriority safely
[S_API] SteamAPI_Init(): SteamAPI_IsSteamRunning() did not locate a running instance of Steam.
[S_API FAIL] SteamAPI_Init() failed
Controller 0: PS5 Controller
CELESTE : 1.4.0.0
Using EXT_swap_control_tear VSync!
FNA3D Driver: OpenGL
OpenGL Renderer: NVIDIA GeForce GTX 1660 Ti/PCIe/SSE2
OpenGL Driver: 4.6.0 NVIDIA 525.85.05
OpenGL Vendor: NVIDIA Corporation
MojoShader Profile: glsl120
BEGIN LOAD
 - GFX LOAD: 988ms
 - MTN LOAD: 556ms
Using EXT_swap_control_tear VSync!
FULLSCREEN
GAME DISPLAYED (in 1703ms)
Using EXT_swap_control_tear VSync!
 - AUDIO LOAD: 529ms
 - GFX DATA LOAD: 57ms
 - MTN DATA LOAD: 223ms
 - DIA/FONT LOAD: 712ms
 - LEVELS LOAD: 470ms
DONE LOADING (in 3851ms)
Using EXT_swap_control_tear VSync!
[2/7/2023, 9:26:12 PM] /opt/heroic/resources/app.asar.unpacked/build/bin/linux/legendary info Curry --platform Windows --json
[2/7/2023, 9:26:12 PM] /opt/heroic/resources/app.asar.unpacked/build/bin/linux/legendary info Curry --platform Windows --json
[2/7/2023, 9:26:12 PM] /opt/heroic/resources/app.asar.unpacked/build/bin/linux/legendary info Curry --platform Windows --json
[2/7/2023, 9:26:12 PM] /opt/heroic/resources/app.asar.unpacked/build/bin/linux/legendary info Curry --platform Windows --json
[Core] INFO: Trying to re-use existing login session...
[Core] INFO: Trying to re-use existing login session...
[Core] INFO: Trying to re-use existing login session...
[Core] INFO: Trying to re-use existing login session...
{"game": {"app_name": "Curry", "title": "ABZU", "version": "1.0", "platform_versions": {"Windows": "1.0"}, "cloud_saves_supported": false, "cloud_save_folder": null, "cloud_save_folder_mac": null, "is_dlc": false, "external_activation": null, "launch_options": [], "owned_dlc": []}, "install": null, "manifest": {"size": 1534261, "type": "json", "version": 13, "feature_level": 13, "app_name": "Curry", "launch_exe": "AbzuGame.exe", "launch_command": "", "build_version": "1.0", "build_id": "dcqkzxtU5019Q4rfjW1M8d2HuwU", "prerequisites": null, "install_tags": [""], "num_files": 14, "num_chunks": 4596, "disk_size": 4818969865, "download_size": 1404661275, "tag_disk_size": [], "tag_download_size": []}}
{"game": {"app_name": "Curry", "title": "ABZU", "version": "1.0", "platform_versions": {"Windows": "1.0"}, "cloud_saves_supported": false, "cloud_save_folder": null, "cloud_save_folder_mac": null, "is_dlc": false, "external_activation": null, "launch_options": [], "owned_dlc": []}, "install": null, "manifest": {"size": 1534261, "type": "json", "version": 13, "feature_level": 13, "app_name": "Curry", "launch_exe": "AbzuGame.exe", "launch_command": "", "build_version": "1.0", "build_id": "dcqkzxtU5019Q4rfjW1M8d2HuwU", "prerequisites": null, "install_tags": [""], "num_files": 14, "num_chunks": 4596, "disk_size": 4818969865, "download_size": 1404661275, "tag_disk_size": [], "tag_download_size": []}}
{"game": {"app_name": "Curry", "title": "ABZU", "version": "1.0", "platform_versions": {"Windows": "1.0"}, "cloud_saves_supported": false, "cloud_save_folder": null, "cloud_save_folder_mac": null, "is_dlc": false, "external_activation": null, "launch_options": [], "owned_dlc": []}, "install": null, "manifest": {"size": 1534261, "type": "json", "version": 13, "feature_level": 13, "app_name": "Curry", "launch_exe": "AbzuGame.exe", "launch_command": "", "build_version": "1.0", "build_id": "dcqkzxtU5019Q4rfjW1M8d2HuwU", "prerequisites": null, "install_tags": [""], "num_files": 14, "num_chunks": 4596, "disk_size": 4818969865, "download_size": 1404661275, "tag_disk_size": [], "tag_download_size": []}}
{"game": {"app_name": "Curry", "title": "ABZU", "version": "1.0", "platform_versions": {"Windows": "1.0"}, "cloud_saves_supported": false, "cloud_save_folder": null, "cloud_save_folder_mac": null, "is_dlc": false, "external_activation": null, "launch_options": [], "owned_dlc": []}, "install": null, "manifest": {"size": 1534261, "type": "json", "version": 13, "feature_level": 13, "app_name": "Curry", "launch_exe": "AbzuGame.exe", "launch_command": "", "build_version": "1.0", "build_id": "dcqkzxtU5019Q4rfjW1M8d2HuwU", "prerequisites": null, "install_tags": [""], "num_files": 14, "num_chunks": 4596, "disk_size": 4818969865, "download_size": 1404661275, "tag_disk_size": [], "tag_download_size": []}}
